
*** Running vivado
    with args -log hdmi_xbar_1.vds -m64 -product Vivado -mode batch -messageDb vivado.pb -notrace -source hdmi_xbar_1.tcl


****** Vivado v2018.2 (64-bit)
  **** SW Build 2258646 on Thu Jun 14 20:03:12 MDT 2018
  **** IP Build 2256618 on Thu Jun 14 22:10:49 MDT 2018
    ** Copyright 1986-2018 Xilinx, Inc. All Rights Reserved.

source hdmi_xbar_1.tcl -notrace
Command: synth_design -top hdmi_xbar_1 -part xc7a200tsbg484-1 -mode out_of_context
Starting synth_design
Attempting to get a license for feature 'Synthesis' and/or device 'xc7a200t'
INFO: [Common 17-349] Got license for feature 'Synthesis' and/or device 'xc7a200t'
INFO: Launching helper process for spawning children vivado processes
INFO: Helper process launched with PID 3848 
---------------------------------------------------------------------------------
Starting RTL Elaboration : Time (s): cpu = 00:00:07 ; elapsed = 00:00:09 . Memory (MB): peak = 456.223 ; gain = 103.586
---------------------------------------------------------------------------------
INFO: [Synth 8-6157] synthesizing module 'hdmi_xbar_1' [g:/ECE532/initial_demo/initial_demo.srcs/sources_1/bd/hdmi/ip/hdmi_xbar_1/synth/hdmi_xbar_1.v:60]
INFO: [Synth 8-6157] synthesizing module 'axi_crossbar_v2_1_18_axi_crossbar' [g:/ECE532/initial_demo/initial_demo.srcs/sources_1/bd/hdmi/ipshared/15a3/hdl/axi_crossbar_v2_1_vl_rfs.v:4884]
	Parameter C_FAMILY bound to: artix7 - type: string 
	Parameter C_NUM_SLAVE_SLOTS bound to: 2 - type: integer 
	Parameter C_NUM_MASTER_SLOTS bound to: 14 - type: integer 
	Parameter C_AXI_ID_WIDTH bound to: 1 - type: integer 
	Parameter C_AXI_ADDR_WIDTH bound to: 32 - type: integer 
	Parameter C_AXI_DATA_WIDTH bound to: 32 - type: integer 
	Parameter C_AXI_PROTOCOL bound to: 2 - type: integer 
	Parameter C_NUM_ADDR_RANGES bound to: 1 - type: integer 
	Parameter C_M_AXI_BASE_ADDR bound to: 896'b00000000000000000000000000000000010000000110000100000000000000000000000000000000000000000000000001000100101001100000000000000000000000000000000000000000000000000100010010100101000000000000000000000000000000000000000000000000010001001010010000000000000000000000000000000000000000000000000001000001111000000000000000000000000000000000000000000000000000000100000011000000000000000000000000000000000000000000000000000000010000000110000000000000000000000000000000000000000000000000000001000100101000110000000000000000000000000000000000000000000000000100000111000000000000000000000000000000000000000000000000000000010001001010001000000000000000000000000000000000000000000000000001000100101000010000000000000000000000000000000000000000000000000100000000000000000000000000000000000000000000000000000000000000010001001010000000000000000000000000000000000000000000000000000001000001001000000000000000000000 
	Parameter C_M_AXI_ADDR_WIDTH bound to: 448'b0000000000000000000000000001000000000000000000000000000000010000000000000000000000000000000100000000000000000000000000000001000000000000000000000000000000010000000000000000000000000000000100000000000000000000000000000001000000000000000000000000000000010000000000000000000000000000000100000000000000000000000000000001000000000000000000000000000000010000000000000000000000000000000100000000000000000000000000000001000000000000000000000000000000010000 
	Parameter C_S_AXI_BASE_ID bound to: 64'b0000000000000000000000000000000100000000000000000000000000000000 
	Parameter C_S_AXI_THREAD_ID_WIDTH bound to: 64'b0000000000000000000000000000000000000000000000000000000000000000 
	Parameter C_AXI_SUPPORTS_USER_SIGNALS bound to: 0 - type: integer 
	Parameter C_AXI_AWUSER_WIDTH bound to: 1 - type: integer 
	Parameter C_AXI_ARUSER_WIDTH bound to: 1 - type: integer 
	Parameter C_AXI_WUSER_WIDTH bound to: 1 - type: integer 
	Parameter C_AXI_RUSER_WIDTH bound to: 1 - type: integer 
	Parameter C_AXI_BUSER_WIDTH bound to: 1 - type: integer 
	Parameter C_M_AXI_WRITE_CONNECTIVITY bound to: 448'b0000000000000000000000000000000100000000000000000000000000000001000000000000000000000000000000010000000000000000000000000000000100000000000000000000000000000001000000000000000000000000000000010000000000000000000000000000000100000000000000000000000000000001000000000000000000000000000000010000000000000000000000000000000100000000000000000000000000000001000000000000000000000000000000010000000000000000000000000000000100000000000000000000000000000001 
	Parameter C_M_AXI_READ_CONNECTIVITY bound to: 448'b0000000000000000000000000000001100000000000000000000000000000011000000000000000000000000000000110000000000000000000000000000001100000000000000000000000000000011000000000000000000000000000000110000000000000000000000000000001100000000000000000000000000000011000000000000000000000000000000110000000000000000000000000000001100000000000000000000000000000011000000000000000000000000000000110000000000000000000000000000001100000000000000000000000000000011 
	Parameter C_R_REGISTER bound to: 1 - type: integer 
	Parameter C_S_AXI_SINGLE_THREAD bound to: 64'b0000000000000000000000000000000100000000000000000000000000000001 
	Parameter C_S_AXI_WRITE_ACCEPTANCE bound to: 64'b0000000000000000000000000000000100000000000000000000000000000001 
	Parameter C_S_AXI_READ_ACCEPTANCE bound to: 64'b0000000000000000000000000000000100000000000000000000000000000001 
	Parameter C_M_AXI_WRITE_ISSUING bound to: 448'b0000000000000000000000000000000100000000000000000000000000000001000000000000000000000000000000010000000000000000000000000000000100000000000000000000000000000001000000000000000000000000000000010000000000000000000000000000000100000000000000000000000000000001000000000000000000000000000000010000000000000000000000000000000100000000000000000000000000000001000000000000000000000000000000010000000000000000000000000000000100000000000000000000000000000001 
	Parameter C_M_AXI_READ_ISSUING bound to: 448'b0000000000000000000000000000000100000000000000000000000000000001000000000000000000000000000000010000000000000000000000000000000100000000000000000000000000000001000000000000000000000000000000010000000000000000000000000000000100000000000000000000000000000001000000000000000000000000000000010000000000000000000000000000000100000000000000000000000000000001000000000000000000000000000000010000000000000000000000000000000100000000000000000000000000000001 
	Parameter C_S_AXI_ARB_PRIORITY bound to: 64'b0000000000000000000000000000000000000000000000000000000000000000 
	Parameter C_M_AXI_SECURE bound to: 448'b0000000000000000000000000000000000000000000000000000000000000000000000000000000000000000000000000000000000000000000000000000000000000000000000000000000000000000000000000000000000000000000000000000000000000000000000000000000000000000000000000000000000000000000000000000000000000000000000000000000000000000000000000000000000000000000000000000000000000000000000000000000000000000000000000000000000000000000000000000000000000000000000000000000000000000 
	Parameter C_CONNECTIVITY_MODE bound to: 0 - type: integer 
	Parameter P_ONES bound to: 65'b11111111111111111111111111111111111111111111111111111111111111111 
	Parameter P_S_AXI_BASE_ID bound to: 128'b00000000000000000000000000000000000000000000000000000000000000010000000000000000000000000000000000000000000000000000000000000000 
	Parameter P_S_AXI_HIGH_ID bound to: 128'b00000000000000000000000000000000000000000000000000000000000000010000000000000000000000000000000000000000000000000000000000000000 
	Parameter P_AXI4 bound to: 0 - type: integer 
	Parameter P_AXI3 bound to: 1 - type: integer 
	Parameter P_AXILITE bound to: 2 - type: integer 
	Parameter P_AXILITE_SIZE bound to: 3'b010 
	Parameter P_INCR bound to: 2'b01 
	Parameter P_M_AXI_SUPPORTS_WRITE bound to: 14'b11111111111111 
	Parameter P_M_AXI_SUPPORTS_READ bound to: 14'b11111111111111 
	Parameter P_S_AXI_SUPPORTS_WRITE bound to: 2'b01 
	Parameter P_S_AXI_SUPPORTS_READ bound to: 2'b11 
	Parameter C_DEBUG bound to: 1 - type: integer 
	Parameter P_RANGE_CHECK bound to: 1 - type: integer 
	Parameter P_ADDR_DECODE bound to: 1 - type: integer 
	Parameter P_M_AXI_ERR_MODE bound to: 448'b0000000000000000000000000000000000000000000000000000000000000000000000000000000000000000000000000000000000000000000000000000000000000000000000000000000000000000000000000000000000000000000000000000000000000000000000000000000000000000000000000000000000000000000000000000000000000000000000000000000000000000000000000000000000000000000000000000000000000000000000000000000000000000000000000000000000000000000000000000000000000000000000000000000000000000 
	Parameter P_LEN bound to: 8 - type: integer 
	Parameter P_LOCK bound to: 1 - type: integer 
	Parameter P_FAMILY bound to: artix7 - type: string 
INFO: [Synth 8-6157] synthesizing module 'axi_crossbar_v2_1_18_crossbar_sasd' [g:/ECE532/initial_demo/initial_demo.srcs/sources_1/bd/hdmi/ipshared/15a3/hdl/axi_crossbar_v2_1_vl_rfs.v:1240]
	Parameter C_FAMILY bound to: artix7 - type: string 
	Parameter C_NUM_SLAVE_SLOTS bound to: 2 - type: integer 
	Parameter C_NUM_MASTER_SLOTS bound to: 14 - type: integer 
	Parameter C_NUM_ADDR_RANGES bound to: 1 - type: integer 
	Parameter C_AXI_ID_WIDTH bound to: 1 - type: integer 
	Parameter C_AXI_ADDR_WIDTH bound to: 32 - type: integer 
	Parameter C_AXI_DATA_WIDTH bound to: 32 - type: integer 
	Parameter C_AXI_PROTOCOL bound to: 2 - type: integer 
	Parameter C_M_AXI_BASE_ADDR bound to: 896'b00000000000000000000000000000000010000000110000100000000000000000000000000000000000000000000000001000100101001100000000000000000000000000000000000000000000000000100010010100101000000000000000000000000000000000000000000000000010001001010010000000000000000000000000000000000000000000000000001000001111000000000000000000000000000000000000000000000000000000100000011000000000000000000000000000000000000000000000000000000010000000110000000000000000000000000000000000000000000000000000001000100101000110000000000000000000000000000000000000000000000000100000111000000000000000000000000000000000000000000000000000000010001001010001000000000000000000000000000000000000000000000000001000100101000010000000000000000000000000000000000000000000000000100000000000000000000000000000000000000000000000000000000000000010001001010000000000000000000000000000000000000000000000000000001000001001000000000000000000000 
	Parameter C_M_AXI_HIGH_ADDR bound to: 896'b00000000000000000000000000000000010000000110000111111111111111110000000000000000000000000000000001000100101001101111111111111111000000000000000000000000000000000100010010100101111111111111111100000000000000000000000000000000010001001010010011111111111111110000000000000000000000000000000001000001111000001111111111111111000000000000000000000000000000000100000011000000111111111111111100000000000000000000000000000000010000000110000011111111111111110000000000000000000000000000000001000100101000111111111111111111000000000000000000000000000000000100000111000000111111111111111100000000000000000000000000000000010001001010001011111111111111110000000000000000000000000000000001000100101000011111111111111111000000000000000000000000000000000100000000000000111111111111111100000000000000000000000000000000010001001010000011111111111111110000000000000000000000000000000001000001001000001111111111111111 
	Parameter C_S_AXI_BASE_ID bound to: 128'b00000000000000000000000000000000000000000000000000000000000000010000000000000000000000000000000000000000000000000000000000000000 
	Parameter C_S_AXI_HIGH_ID bound to: 128'b00000000000000000000000000000000000000000000000000000000000000010000000000000000000000000000000000000000000000000000000000000000 
	Parameter C_AXI_SUPPORTS_USER_SIGNALS bound to: 0 - type: integer 
	Parameter C_AXI_AWUSER_WIDTH bound to: 1 - type: integer 
	Parameter C_AXI_ARUSER_WIDTH bound to: 1 - type: integer 
	Parameter C_AXI_WUSER_WIDTH bound to: 1 - type: integer 
	Parameter C_AXI_RUSER_WIDTH bound to: 1 - type: integer 
	Parameter C_AXI_BUSER_WIDTH bound to: 1 - type: integer 
	Parameter C_S_AXI_SUPPORTS_WRITE bound to: 2'b01 
	Parameter C_S_AXI_SUPPORTS_READ bound to: 2'b11 
	Parameter C_M_AXI_SUPPORTS_WRITE bound to: 14'b11111111111111 
	Parameter C_M_AXI_SUPPORTS_READ bound to: 14'b11111111111111 
	Parameter C_S_AXI_ARB_PRIORITY bound to: 64'b0000000000000000000000000000000000000000000000000000000000000000 
	Parameter C_M_AXI_SECURE bound to: 448'b0000000000000000000000000000000000000000000000000000000000000000000000000000000000000000000000000000000000000000000000000000000000000000000000000000000000000000000000000000000000000000000000000000000000000000000000000000000000000000000000000000000000000000000000000000000000000000000000000000000000000000000000000000000000000000000000000000000000000000000000000000000000000000000000000000000000000000000000000000000000000000000000000000000000000000 
	Parameter C_M_AXI_ERR_MODE bound to: 448'b0000000000000000000000000000000000000000000000000000000000000000000000000000000000000000000000000000000000000000000000000000000000000000000000000000000000000000000000000000000000000000000000000000000000000000000000000000000000000000000000000000000000000000000000000000000000000000000000000000000000000000000000000000000000000000000000000000000000000000000000000000000000000000000000000000000000000000000000000000000000000000000000000000000000000000 
	Parameter C_R_REGISTER bound to: 1 - type: integer 
	Parameter C_RANGE_CHECK bound to: 1 - type: integer 
	Parameter C_ADDR_DECODE bound to: 1 - type: integer 
	Parameter C_DEBUG bound to: 1 - type: integer 
	Parameter P_AXI4 bound to: 0 - type: integer 
	Parameter P_AXI3 bound to: 1 - type: integer 
	Parameter P_AXILITE bound to: 2 - type: integer 
	Parameter P_NUM_MASTER_SLOTS_DE bound to: 15 - type: integer 
	Parameter P_NUM_MASTER_SLOTS_LOG bound to: 4 - type: integer 
	Parameter P_NUM_MASTER_SLOTS_DE_LOG bound to: 4 - type: integer 
	Parameter P_NUM_SLAVE_SLOTS_LOG bound to: 1 - type: integer 
	Parameter P_AXI_AUSER_WIDTH bound to: 1 - type: integer 
	Parameter P_AXI_WID_WIDTH bound to: 1 - type: integer 
	Parameter P_AMESG_WIDTH bound to: 64 - type: integer 
	Parameter P_BMESG_WIDTH bound to: 3 - type: integer 
	Parameter P_RMESG_WIDTH bound to: 36 - type: integer 
	Parameter P_WMESG_WIDTH bound to: 39 - type: integer 
	Parameter P_AXILITE_ERRMODE bound to: 1 - type: integer 
	Parameter P_NONSECURE_BIT bound to: 1 - type: integer 
	Parameter P_M_SECURE_MASK bound to: 14'b00000000000000 
	Parameter P_M_AXILITE_MASK bound to: 14'b00000000000000 
	Parameter P_FIXED bound to: 2'b00 
	Parameter P_BYPASS bound to: 0 - type: integer 
	Parameter P_LIGHTWT bound to: 7 - type: integer 
	Parameter P_FULLY_REG bound to: 1 - type: integer 
	Parameter P_R_REG_CONFIG bound to: 1 - type: integer 
	Parameter P_DECERR bound to: 2'b11 
INFO: [Synth 8-6157] synthesizing module 'axi_crossbar_v2_1_18_addr_decoder' [g:/ECE532/initial_demo/initial_demo.srcs/sources_1/bd/hdmi/ipshared/15a3/hdl/axi_crossbar_v2_1_vl_rfs.v:794]
	Parameter C_FAMILY bound to: artix7 - type: string 
	Parameter C_NUM_TARGETS bound to: 14 - type: integer 
	Parameter C_NUM_TARGETS_LOG bound to: 4 - type: integer 
	Parameter C_NUM_RANGES bound to: 1 - type: integer 
	Parameter C_ADDR_WIDTH bound to: 32 - type: integer 
	Parameter C_TARGET_ENC bound to: 1 - type: integer 
	Parameter C_TARGET_HOT bound to: 1 - type: integer 
	Parameter C_REGION_ENC bound to: 1 - type: integer 
	Parameter C_BASE_ADDR bound to: 896'b00000000000000000000000000000000010000000110000100000000000000000000000000000000000000000000000001000100101001100000000000000000000000000000000000000000000000000100010010100101000000000000000000000000000000000000000000000000010001001010010000000000000000000000000000000000000000000000000001000001111000000000000000000000000000000000000000000000000000000100000011000000000000000000000000000000000000000000000000000000010000000110000000000000000000000000000000000000000000000000000001000100101000110000000000000000000000000000000000000000000000000100000111000000000000000000000000000000000000000000000000000000010001001010001000000000000000000000000000000000000000000000000001000100101000010000000000000000000000000000000000000000000000000100000000000000000000000000000000000000000000000000000000000000010001001010000000000000000000000000000000000000000000000000000001000001001000000000000000000000 
	Parameter C_HIGH_ADDR bound to: 896'b00000000000000000000000000000000010000000110000111111111111111110000000000000000000000000000000001000100101001101111111111111111000000000000000000000000000000000100010010100101111111111111111100000000000000000000000000000000010001001010010011111111111111110000000000000000000000000000000001000001111000001111111111111111000000000000000000000000000000000100000011000000111111111111111100000000000000000000000000000000010000000110000011111111111111110000000000000000000000000000000001000100101000111111111111111111000000000000000000000000000000000100000111000000111111111111111100000000000000000000000000000000010001001010001011111111111111110000000000000000000000000000000001000100101000011111111111111111000000000000000000000000000000000100000000000000111111111111111100000000000000000000000000000000010001001010000011111111111111110000000000000000000000000000000001000001001000001111111111111111 
	Parameter C_TARGET_QUAL bound to: 15'b011111111111111 
	Parameter C_RESOLUTION bound to: 2 - type: integer 
	Parameter C_COMPARATOR_THRESHOLD bound to: 6 - type: integer 
INFO: [Synth 8-6157] synthesizing module 'generic_baseblocks_v2_1_0_comparator_static' [g:/ECE532/initial_demo/initial_demo.srcs/sources_1/bd/hdmi/ipshared/b752/hdl/generic_baseblocks_v2_1_vl_rfs.v:2133]
	Parameter C_FAMILY bound to: rtl - type: string 
	Parameter C_VALUE bound to: 30'b010000010010000000000000000000 
	Parameter C_DATA_WIDTH bound to: 30 - type: integer 
	Parameter C_BITS_PER_LUT bound to: 6 - type: integer 
	Parameter C_NUM_LUT bound to: 5 - type: integer 
	Parameter C_FIX_DATA_WIDTH bound to: 30 - type: integer 
INFO: [Synth 8-6157] synthesizing module 'generic_baseblocks_v2_1_0_carry_and' [g:/ECE532/initial_demo/initial_demo.srcs/sources_1/bd/hdmi/ipshared/b752/hdl/generic_baseblocks_v2_1_vl_rfs.v:62]
	Parameter C_FAMILY bound to: rtl - type: string 
INFO: [Synth 8-6155] done synthesizing module 'generic_baseblocks_v2_1_0_carry_and' (1#1) [g:/ECE532/initial_demo/initial_demo.srcs/sources_1/bd/hdmi/ipshared/b752/hdl/generic_baseblocks_v2_1_vl_rfs.v:62]
INFO: [Synth 8-6155] done synthesizing module 'generic_baseblocks_v2_1_0_comparator_static' (2#1) [g:/ECE532/initial_demo/initial_demo.srcs/sources_1/bd/hdmi/ipshared/b752/hdl/generic_baseblocks_v2_1_vl_rfs.v:2133]
INFO: [Synth 8-6157] synthesizing module 'generic_baseblocks_v2_1_0_comparator_static__parameterized0' [g:/ECE532/initial_demo/initial_demo.srcs/sources_1/bd/hdmi/ipshared/b752/hdl/generic_baseblocks_v2_1_vl_rfs.v:2133]
	Parameter C_FAMILY bound to: rtl - type: string 
	Parameter C_VALUE bound to: 30'b010001001010000000000000000000 
	Parameter C_DATA_WIDTH bound to: 30 - type: integer 
	Parameter C_BITS_PER_LUT bound to: 6 - type: integer 
	Parameter C_NUM_LUT bound to: 5 - type: integer 
	Parameter C_FIX_DATA_WIDTH bound to: 30 - type: integer 
INFO: [Synth 8-6155] done synthesizing module 'generic_baseblocks_v2_1_0_comparator_static__parameterized0' (2#1) [g:/ECE532/initial_demo/initial_demo.srcs/sources_1/bd/hdmi/ipshared/b752/hdl/generic_baseblocks_v2_1_vl_rfs.v:2133]
INFO: [Synth 8-6157] synthesizing module 'generic_baseblocks_v2_1_0_comparator_static__parameterized1' [g:/ECE532/initial_demo/initial_demo.srcs/sources_1/bd/hdmi/ipshared/b752/hdl/generic_baseblocks_v2_1_vl_rfs.v:2133]
	Parameter C_FAMILY bound to: rtl - type: string 
	Parameter C_VALUE bound to: 30'b010000000000000000000000000000 
	Parameter C_DATA_WIDTH bound to: 30 - type: integer 
	Parameter C_BITS_PER_LUT bound to: 6 - type: integer 
	Parameter C_NUM_LUT bound to: 5 - type: integer 
	Parameter C_FIX_DATA_WIDTH bound to: 30 - type: integer 
INFO: [Synth 8-6155] done synthesizing module 'generic_baseblocks_v2_1_0_comparator_static__parameterized1' (2#1) [g:/ECE532/initial_demo/initial_demo.srcs/sources_1/bd/hdmi/ipshared/b752/hdl/generic_baseblocks_v2_1_vl_rfs.v:2133]
INFO: [Synth 8-6157] synthesizing module 'generic_baseblocks_v2_1_0_comparator_static__parameterized2' [g:/ECE532/initial_demo/initial_demo.srcs/sources_1/bd/hdmi/ipshared/b752/hdl/generic_baseblocks_v2_1_vl_rfs.v:2133]
	Parameter C_FAMILY bound to: rtl - type: string 
	Parameter C_VALUE bound to: 30'b010001001010000100000000000000 
	Parameter C_DATA_WIDTH bound to: 30 - type: integer 
	Parameter C_BITS_PER_LUT bound to: 6 - type: integer 
	Parameter C_NUM_LUT bound to: 5 - type: integer 
	Parameter C_FIX_DATA_WIDTH bound to: 30 - type: integer 
INFO: [Synth 8-6155] done synthesizing module 'generic_baseblocks_v2_1_0_comparator_static__parameterized2' (2#1) [g:/ECE532/initial_demo/initial_demo.srcs/sources_1/bd/hdmi/ipshared/b752/hdl/generic_baseblocks_v2_1_vl_rfs.v:2133]
INFO: [Synth 8-6157] synthesizing module 'generic_baseblocks_v2_1_0_comparator_static__parameterized3' [g:/ECE532/initial_demo/initial_demo.srcs/sources_1/bd/hdmi/ipshared/b752/hdl/generic_baseblocks_v2_1_vl_rfs.v:2133]
	Parameter C_FAMILY bound to: rtl - type: string 
	Parameter C_VALUE bound to: 30'b010001001010001000000000000000 
	Parameter C_DATA_WIDTH bound to: 30 - type: integer 
	Parameter C_BITS_PER_LUT bound to: 6 - type: integer 
	Parameter C_NUM_LUT bound to: 5 - type: integer 
	Parameter C_FIX_DATA_WIDTH bound to: 30 - type: integer 
INFO: [Synth 8-6155] done synthesizing module 'generic_baseblocks_v2_1_0_comparator_static__parameterized3' (2#1) [g:/ECE532/initial_demo/initial_demo.srcs/sources_1/bd/hdmi/ipshared/b752/hdl/generic_baseblocks_v2_1_vl_rfs.v:2133]
INFO: [Synth 8-6157] synthesizing module 'generic_baseblocks_v2_1_0_comparator_static__parameterized4' [g:/ECE532/initial_demo/initial_demo.srcs/sources_1/bd/hdmi/ipshared/b752/hdl/generic_baseblocks_v2_1_vl_rfs.v:2133]
	Parameter C_FAMILY bound to: rtl - type: string 
	Parameter C_VALUE bound to: 30'b010000011100000000000000000000 
	Parameter C_DATA_WIDTH bound to: 30 - type: integer 
	Parameter C_BITS_PER_LUT bound to: 6 - type: integer 
	Parameter C_NUM_LUT bound to: 5 - type: integer 
	Parameter C_FIX_DATA_WIDTH bound to: 30 - type: integer 
INFO: [Synth 8-6155] done synthesizing module 'generic_baseblocks_v2_1_0_comparator_static__parameterized4' (2#1) [g:/ECE532/initial_demo/initial_demo.srcs/sources_1/bd/hdmi/ipshared/b752/hdl/generic_baseblocks_v2_1_vl_rfs.v:2133]
INFO: [Synth 8-6157] synthesizing module 'generic_baseblocks_v2_1_0_comparator_static__parameterized5' [g:/ECE532/initial_demo/initial_demo.srcs/sources_1/bd/hdmi/ipshared/b752/hdl/generic_baseblocks_v2_1_vl_rfs.v:2133]
	Parameter C_FAMILY bound to: rtl - type: string 
	Parameter C_VALUE bound to: 30'b010001001010001100000000000000 
	Parameter C_DATA_WIDTH bound to: 30 - type: integer 
	Parameter C_BITS_PER_LUT bound to: 6 - type: integer 
	Parameter C_NUM_LUT bound to: 5 - type: integer 
	Parameter C_FIX_DATA_WIDTH bound to: 30 - type: integer 
INFO: [Synth 8-6155] done synthesizing module 'generic_baseblocks_v2_1_0_comparator_static__parameterized5' (2#1) [g:/ECE532/initial_demo/initial_demo.srcs/sources_1/bd/hdmi/ipshared/b752/hdl/generic_baseblocks_v2_1_vl_rfs.v:2133]
INFO: [Synth 8-6157] synthesizing module 'generic_baseblocks_v2_1_0_comparator_static__parameterized6' [g:/ECE532/initial_demo/initial_demo.srcs/sources_1/bd/hdmi/ipshared/b752/hdl/generic_baseblocks_v2_1_vl_rfs.v:2133]
	Parameter C_FAMILY bound to: rtl - type: string 
	Parameter C_VALUE bound to: 30'b010000000110000000000000000000 
	Parameter C_DATA_WIDTH bound to: 30 - type: integer 
	Parameter C_BITS_PER_LUT bound to: 6 - type: integer 
	Parameter C_NUM_LUT bound to: 5 - type: integer 
	Parameter C_FIX_DATA_WIDTH bound to: 30 - type: integer 
INFO: [Synth 8-6155] done synthesizing module 'generic_baseblocks_v2_1_0_comparator_static__parameterized6' (2#1) [g:/ECE532/initial_demo/initial_demo.srcs/sources_1/bd/hdmi/ipshared/b752/hdl/generic_baseblocks_v2_1_vl_rfs.v:2133]
INFO: [Synth 8-6157] synthesizing module 'generic_baseblocks_v2_1_0_comparator_static__parameterized7' [g:/ECE532/initial_demo/initial_demo.srcs/sources_1/bd/hdmi/ipshared/b752/hdl/generic_baseblocks_v2_1_vl_rfs.v:2133]
	Parameter C_FAMILY bound to: rtl - type: string 
	Parameter C_VALUE bound to: 30'b010000001100000000000000000000 
	Parameter C_DATA_WIDTH bound to: 30 - type: integer 
	Parameter C_BITS_PER_LUT bound to: 6 - type: integer 
	Parameter C_NUM_LUT bound to: 5 - type: integer 
	Parameter C_FIX_DATA_WIDTH bound to: 30 - type: integer 
INFO: [Synth 8-6155] done synthesizing module 'generic_baseblocks_v2_1_0_comparator_static__parameterized7' (2#1) [g:/ECE532/initial_demo/initial_demo.srcs/sources_1/bd/hdmi/ipshared/b752/hdl/generic_baseblocks_v2_1_vl_rfs.v:2133]
INFO: [Synth 8-6157] synthesizing module 'generic_baseblocks_v2_1_0_comparator_static__parameterized8' [g:/ECE532/initial_demo/initial_demo.srcs/sources_1/bd/hdmi/ipshared/b752/hdl/generic_baseblocks_v2_1_vl_rfs.v:2133]
	Parameter C_FAMILY bound to: rtl - type: string 
	Parameter C_VALUE bound to: 30'b010000011110000000000000000000 
	Parameter C_DATA_WIDTH bound to: 30 - type: integer 
	Parameter C_BITS_PER_LUT bound to: 6 - type: integer 
	Parameter C_NUM_LUT bound to: 5 - type: integer 
	Parameter C_FIX_DATA_WIDTH bound to: 30 - type: integer 
INFO: [Synth 8-6155] done synthesizing module 'generic_baseblocks_v2_1_0_comparator_static__parameterized8' (2#1) [g:/ECE532/initial_demo/initial_demo.srcs/sources_1/bd/hdmi/ipshared/b752/hdl/generic_baseblocks_v2_1_vl_rfs.v:2133]
INFO: [Synth 8-6157] synthesizing module 'generic_baseblocks_v2_1_0_comparator_static__parameterized9' [g:/ECE532/initial_demo/initial_demo.srcs/sources_1/bd/hdmi/ipshared/b752/hdl/generic_baseblocks_v2_1_vl_rfs.v:2133]
	Parameter C_FAMILY bound to: rtl - type: string 
	Parameter C_VALUE bound to: 30'b010001001010010000000000000000 
	Parameter C_DATA_WIDTH bound to: 30 - type: integer 
	Parameter C_BITS_PER_LUT bound to: 6 - type: integer 
	Parameter C_NUM_LUT bound to: 5 - type: integer 
	Parameter C_FIX_DATA_WIDTH bound to: 30 - type: integer 
INFO: [Synth 8-6155] done synthesizing module 'generic_baseblocks_v2_1_0_comparator_static__parameterized9' (2#1) [g:/ECE532/initial_demo/initial_demo.srcs/sources_1/bd/hdmi/ipshared/b752/hdl/generic_baseblocks_v2_1_vl_rfs.v:2133]
INFO: [Synth 8-6157] synthesizing module 'generic_baseblocks_v2_1_0_comparator_static__parameterized10' [g:/ECE532/initial_demo/initial_demo.srcs/sources_1/bd/hdmi/ipshared/b752/hdl/generic_baseblocks_v2_1_vl_rfs.v:2133]
	Parameter C_FAMILY bound to: rtl - type: string 
	Parameter C_VALUE bound to: 30'b010001001010010100000000000000 
	Parameter C_DATA_WIDTH bound to: 30 - type: integer 
	Parameter C_BITS_PER_LUT bound to: 6 - type: integer 
	Parameter C_NUM_LUT bound to: 5 - type: integer 
	Parameter C_FIX_DATA_WIDTH bound to: 30 - type: integer 
INFO: [Synth 8-6155] done synthesizing module 'generic_baseblocks_v2_1_0_comparator_static__parameterized10' (2#1) [g:/ECE532/initial_demo/initial_demo.srcs/sources_1/bd/hdmi/ipshared/b752/hdl/generic_baseblocks_v2_1_vl_rfs.v:2133]
INFO: [Synth 8-6157] synthesizing module 'generic_baseblocks_v2_1_0_comparator_static__parameterized11' [g:/ECE532/initial_demo/initial_demo.srcs/sources_1/bd/hdmi/ipshared/b752/hdl/generic_baseblocks_v2_1_vl_rfs.v:2133]
	Parameter C_FAMILY bound to: rtl - type: string 
	Parameter C_VALUE bound to: 30'b010001001010011000000000000000 
	Parameter C_DATA_WIDTH bound to: 30 - type: integer 
	Parameter C_BITS_PER_LUT bound to: 6 - type: integer 
	Parameter C_NUM_LUT bound to: 5 - type: integer 
	Parameter C_FIX_DATA_WIDTH bound to: 30 - type: integer 
INFO: [Synth 8-6155] done synthesizing module 'generic_baseblocks_v2_1_0_comparator_static__parameterized11' (2#1) [g:/ECE532/initial_demo/initial_demo.srcs/sources_1/bd/hdmi/ipshared/b752/hdl/generic_baseblocks_v2_1_vl_rfs.v:2133]
INFO: [Synth 8-6157] synthesizing module 'generic_baseblocks_v2_1_0_comparator_static__parameterized12' [g:/ECE532/initial_demo/initial_demo.srcs/sources_1/bd/hdmi/ipshared/b752/hdl/generic_baseblocks_v2_1_vl_rfs.v:2133]
	Parameter C_FAMILY bound to: rtl - type: string 
	Parameter C_VALUE bound to: 30'b010000000110000100000000000000 
	Parameter C_DATA_WIDTH bound to: 30 - type: integer 
	Parameter C_BITS_PER_LUT bound to: 6 - type: integer 
	Parameter C_NUM_LUT bound to: 5 - type: integer 
	Parameter C_FIX_DATA_WIDTH bound to: 30 - type: integer 
INFO: [Synth 8-6155] done synthesizing module 'generic_baseblocks_v2_1_0_comparator_static__parameterized12' (2#1) [g:/ECE532/initial_demo/initial_demo.srcs/sources_1/bd/hdmi/ipshared/b752/hdl/generic_baseblocks_v2_1_vl_rfs.v:2133]
INFO: [Synth 8-6155] done synthesizing module 'axi_crossbar_v2_1_18_addr_decoder' (3#1) [g:/ECE532/initial_demo/initial_demo.srcs/sources_1/bd/hdmi/ipshared/15a3/hdl/axi_crossbar_v2_1_vl_rfs.v:794]
INFO: [Synth 8-6157] synthesizing module 'generic_baseblocks_v2_1_0_mux_enc' [g:/ECE532/initial_demo/initial_demo.srcs/sources_1/bd/hdmi/ipshared/b752/hdl/generic_baseblocks_v2_1_vl_rfs.v:2452]
	Parameter C_FAMILY bound to: rtl - type: string 
	Parameter C_RATIO bound to: 2 - type: integer 
	Parameter C_SEL_WIDTH bound to: 1 - type: integer 
	Parameter C_DATA_WIDTH bound to: 1 - type: integer 
INFO: [Synth 8-6155] done synthesizing module 'generic_baseblocks_v2_1_0_mux_enc' (4#1) [g:/ECE532/initial_demo/initial_demo.srcs/sources_1/bd/hdmi/ipshared/b752/hdl/generic_baseblocks_v2_1_vl_rfs.v:2452]
INFO: [Synth 8-6157] synthesizing module 'generic_baseblocks_v2_1_0_mux_enc__parameterized0' [g:/ECE532/initial_demo/initial_demo.srcs/sources_1/bd/hdmi/ipshared/b752/hdl/generic_baseblocks_v2_1_vl_rfs.v:2452]
	Parameter C_FAMILY bound to: rtl - type: string 
	Parameter C_RATIO bound to: 2 - type: integer 
	Parameter C_SEL_WIDTH bound to: 1 - type: integer 
	Parameter C_DATA_WIDTH bound to: 39 - type: integer 
INFO: [Synth 8-6155] done synthesizing module 'generic_baseblocks_v2_1_0_mux_enc__parameterized0' (4#1) [g:/ECE532/initial_demo/initial_demo.srcs/sources_1/bd/hdmi/ipshared/b752/hdl/generic_baseblocks_v2_1_vl_rfs.v:2452]
INFO: [Synth 8-6157] synthesizing module 'axi_crossbar_v2_1_18_decerr_slave' [g:/ECE532/initial_demo/initial_demo.srcs/sources_1/bd/hdmi/ipshared/15a3/hdl/axi_crossbar_v2_1_vl_rfs.v:3501]
	Parameter C_AXI_ID_WIDTH bound to: 1 - type: integer 
	Parameter C_AXI_DATA_WIDTH bound to: 32 - type: integer 
	Parameter C_AXI_BUSER_WIDTH bound to: 1 - type: integer 
	Parameter C_AXI_RUSER_WIDTH bound to: 1 - type: integer 
	Parameter C_AXI_PROTOCOL bound to: 2 - type: integer 
	Parameter C_RESP bound to: 3 - type: integer 
	Parameter P_WRITE_IDLE bound to: 2'b00 
	Parameter P_WRITE_DATA bound to: 2'b01 
	Parameter P_WRITE_RESP bound to: 2'b10 
	Parameter P_READ_IDLE bound to: 1'b0 
	Parameter P_READ_DATA bound to: 1'b1 
	Parameter P_AXI4 bound to: 0 - type: integer 
	Parameter P_AXI3 bound to: 1 - type: integer 
	Parameter P_AXILITE bound to: 2 - type: integer 
INFO: [Synth 8-6155] done synthesizing module 'axi_crossbar_v2_1_18_decerr_slave' (5#1) [g:/ECE532/initial_demo/initial_demo.srcs/sources_1/bd/hdmi/ipshared/15a3/hdl/axi_crossbar_v2_1_vl_rfs.v:3501]
INFO: [Synth 8-6157] synthesizing module 'axi_crossbar_v2_1_18_addr_arbiter_sasd' [g:/ECE532/initial_demo/initial_demo.srcs/sources_1/bd/hdmi/ipshared/15a3/hdl/axi_crossbar_v2_1_vl_rfs.v:65]
	Parameter C_FAMILY bound to: artix7 - type: string 
	Parameter C_NUM_S bound to: 2 - type: integer 
	Parameter C_NUM_S_LOG bound to: 1 - type: integer 
	Parameter C_AMESG_WIDTH bound to: 64 - type: integer 
	Parameter C_GRANT_ENC bound to: 1 - type: integer 
	Parameter C_ARB_PRIORITY bound to: 64'b0000000000000000000000000000000000000000000000000000000000000000 
	Parameter P_PRIO_MASK bound to: 2'b00 
INFO: [Synth 8-6157] synthesizing module 'generic_baseblocks_v2_1_0_mux_enc__parameterized1' [g:/ECE532/initial_demo/initial_demo.srcs/sources_1/bd/hdmi/ipshared/b752/hdl/generic_baseblocks_v2_1_vl_rfs.v:2452]
	Parameter C_FAMILY bound to: rtl - type: string 
	Parameter C_RATIO bound to: 2 - type: integer 
	Parameter C_SEL_WIDTH bound to: 1 - type: integer 
	Parameter C_DATA_WIDTH bound to: 64 - type: integer 
INFO: [Synth 8-6155] done synthesizing module 'generic_baseblocks_v2_1_0_mux_enc__parameterized1' (5#1) [g:/ECE532/initial_demo/initial_demo.srcs/sources_1/bd/hdmi/ipshared/b752/hdl/generic_baseblocks_v2_1_vl_rfs.v:2452]
INFO: [Synth 8-3936] Found unconnected internal register 'gen_arbiter.next_rr_hot_reg' and it is trimmed from '16' to '2' bits. [g:/ECE532/initial_demo/initial_demo.srcs/sources_1/bd/hdmi/ipshared/15a3/hdl/axi_crossbar_v2_1_vl_rfs.v:276]
INFO: [Synth 8-6155] done synthesizing module 'axi_crossbar_v2_1_18_addr_arbiter_sasd' (6#1) [g:/ECE532/initial_demo/initial_demo.srcs/sources_1/bd/hdmi/ipshared/15a3/hdl/axi_crossbar_v2_1_vl_rfs.v:65]
INFO: [Synth 8-6157] synthesizing module 'axi_crossbar_v2_1_18_splitter' [g:/ECE532/initial_demo/initial_demo.srcs/sources_1/bd/hdmi/ipshared/15a3/hdl/axi_crossbar_v2_1_vl_rfs.v:4461]
	Parameter C_NUM_M bound to: 3 - type: integer 
INFO: [Synth 8-6155] done synthesizing module 'axi_crossbar_v2_1_18_splitter' (7#1) [g:/ECE532/initial_demo/initial_demo.srcs/sources_1/bd/hdmi/ipshared/15a3/hdl/axi_crossbar_v2_1_vl_rfs.v:4461]
INFO: [Synth 8-6157] synthesizing module 'axi_crossbar_v2_1_18_splitter__parameterized0' [g:/ECE532/initial_demo/initial_demo.srcs/sources_1/bd/hdmi/ipshared/15a3/hdl/axi_crossbar_v2_1_vl_rfs.v:4461]
	Parameter C_NUM_M bound to: 2 - type: integer 
INFO: [Synth 8-6155] done synthesizing module 'axi_crossbar_v2_1_18_splitter__parameterized0' (7#1) [g:/ECE532/initial_demo/initial_demo.srcs/sources_1/bd/hdmi/ipshared/15a3/hdl/axi_crossbar_v2_1_vl_rfs.v:4461]
INFO: [Synth 8-6157] synthesizing module 'generic_baseblocks_v2_1_0_mux_enc__parameterized2' [g:/ECE532/initial_demo/initial_demo.srcs/sources_1/bd/hdmi/ipshared/b752/hdl/generic_baseblocks_v2_1_vl_rfs.v:2452]
	Parameter C_FAMILY bound to: rtl - type: string 
	Parameter C_RATIO bound to: 15 - type: integer 
	Parameter C_SEL_WIDTH bound to: 4 - type: integer 
	Parameter C_DATA_WIDTH bound to: 1 - type: integer 
INFO: [Synth 8-6155] done synthesizing module 'generic_baseblocks_v2_1_0_mux_enc__parameterized2' (7#1) [g:/ECE532/initial_demo/initial_demo.srcs/sources_1/bd/hdmi/ipshared/b752/hdl/generic_baseblocks_v2_1_vl_rfs.v:2452]
INFO: [Synth 8-6157] synthesizing module 'generic_baseblocks_v2_1_0_mux_enc__parameterized3' [g:/ECE532/initial_demo/initial_demo.srcs/sources_1/bd/hdmi/ipshared/b752/hdl/generic_baseblocks_v2_1_vl_rfs.v:2452]
	Parameter C_FAMILY bound to: rtl - type: string 
	Parameter C_RATIO bound to: 15 - type: integer 
	Parameter C_SEL_WIDTH bound to: 4 - type: integer 
	Parameter C_DATA_WIDTH bound to: 36 - type: integer 
INFO: [Synth 8-6155] done synthesizing module 'generic_baseblocks_v2_1_0_mux_enc__parameterized3' (7#1) [g:/ECE532/initial_demo/initial_demo.srcs/sources_1/bd/hdmi/ipshared/b752/hdl/generic_baseblocks_v2_1_vl_rfs.v:2452]
INFO: [Synth 8-6157] synthesizing module 'axi_register_slice_v2_1_17_axic_register_slice' [g:/ECE532/initial_demo/initial_demo.srcs/sources_1/bd/hdmi/ipshared/6020/hdl/axi_register_slice_v2_1_vl_rfs.v:189]
	Parameter C_FAMILY bound to: artix7 - type: string 
	Parameter C_DATA_WIDTH bound to: 36 - type: integer 
	Parameter C_REG_CONFIG bound to: 1 - type: integer 
INFO: [Synth 8-6155] done synthesizing module 'axi_register_slice_v2_1_17_axic_register_slice' (8#1) [g:/ECE532/initial_demo/initial_demo.srcs/sources_1/bd/hdmi/ipshared/6020/hdl/axi_register_slice_v2_1_vl_rfs.v:189]
INFO: [Synth 8-6157] synthesizing module 'generic_baseblocks_v2_1_0_mux_enc__parameterized4' [g:/ECE532/initial_demo/initial_demo.srcs/sources_1/bd/hdmi/ipshared/b752/hdl/generic_baseblocks_v2_1_vl_rfs.v:2452]
	Parameter C_FAMILY bound to: rtl - type: string 
	Parameter C_RATIO bound to: 15 - type: integer 
	Parameter C_SEL_WIDTH bound to: 4 - type: integer 
	Parameter C_DATA_WIDTH bound to: 3 - type: integer 
INFO: [Synth 8-6155] done synthesizing module 'generic_baseblocks_v2_1_0_mux_enc__parameterized4' (8#1) [g:/ECE532/initial_demo/initial_demo.srcs/sources_1/bd/hdmi/ipshared/b752/hdl/generic_baseblocks_v2_1_vl_rfs.v:2452]
WARNING: [Synth 8-6014] Unused sequential element gen_debug_trans_seq.debug_aw_trans_seq_i_reg was removed.  [g:/ECE532/initial_demo/initial_demo.srcs/sources_1/bd/hdmi/ipshared/15a3/hdl/axi_crossbar_v2_1_vl_rfs.v:2056]
WARNING: [Synth 8-6014] Unused sequential element gen_debug_trans_seq.debug_ar_trans_seq_i_reg was removed.  [g:/ECE532/initial_demo/initial_demo.srcs/sources_1/bd/hdmi/ipshared/15a3/hdl/axi_crossbar_v2_1_vl_rfs.v:2067]
WARNING: [Synth 8-6014] Unused sequential element gen_debug_trans_seq.debug_w_beat_cnt_i_reg was removed.  [g:/ECE532/initial_demo/initial_demo.srcs/sources_1/bd/hdmi/ipshared/15a3/hdl/axi_crossbar_v2_1_vl_rfs.v:2078]
WARNING: [Synth 8-6014] Unused sequential element gen_debug_trans_seq.debug_r_beat_cnt_i_reg was removed.  [g:/ECE532/initial_demo/initial_demo.srcs/sources_1/bd/hdmi/ipshared/15a3/hdl/axi_crossbar_v2_1_vl_rfs.v:2091]
INFO: [Synth 8-6155] done synthesizing module 'axi_crossbar_v2_1_18_crossbar_sasd' (9#1) [g:/ECE532/initial_demo/initial_demo.srcs/sources_1/bd/hdmi/ipshared/15a3/hdl/axi_crossbar_v2_1_vl_rfs.v:1240]
INFO: [Synth 8-6155] done synthesizing module 'axi_crossbar_v2_1_18_axi_crossbar' (10#1) [g:/ECE532/initial_demo/initial_demo.srcs/sources_1/bd/hdmi/ipshared/15a3/hdl/axi_crossbar_v2_1_vl_rfs.v:4884]
INFO: [Synth 8-6155] done synthesizing module 'hdmi_xbar_1' (11#1) [g:/ECE532/initial_demo/initial_demo.srcs/sources_1/bd/hdmi/ip/hdmi_xbar_1/synth/hdmi_xbar_1.v:60]
WARNING: [Synth 8-3331] design axi_crossbar_v2_1_18_decerr_slave has unconnected port S_AXI_AWID[0]
WARNING: [Synth 8-3331] design axi_crossbar_v2_1_18_decerr_slave has unconnected port S_AXI_WLAST
WARNING: [Synth 8-3331] design axi_crossbar_v2_1_18_decerr_slave has unconnected port S_AXI_ARID[0]
WARNING: [Synth 8-3331] design axi_crossbar_v2_1_18_decerr_slave has unconnected port S_AXI_ARLEN[7]
WARNING: [Synth 8-3331] design axi_crossbar_v2_1_18_decerr_slave has unconnected port S_AXI_ARLEN[6]
WARNING: [Synth 8-3331] design axi_crossbar_v2_1_18_decerr_slave has unconnected port S_AXI_ARLEN[5]
WARNING: [Synth 8-3331] design axi_crossbar_v2_1_18_decerr_slave has unconnected port S_AXI_ARLEN[4]
WARNING: [Synth 8-3331] design axi_crossbar_v2_1_18_decerr_slave has unconnected port S_AXI_ARLEN[3]
WARNING: [Synth 8-3331] design axi_crossbar_v2_1_18_decerr_slave has unconnected port S_AXI_ARLEN[2]
WARNING: [Synth 8-3331] design axi_crossbar_v2_1_18_decerr_slave has unconnected port S_AXI_ARLEN[1]
WARNING: [Synth 8-3331] design axi_crossbar_v2_1_18_decerr_slave has unconnected port S_AXI_ARLEN[0]
WARNING: [Synth 8-3331] design axi_crossbar_v2_1_18_addr_decoder has unconnected port ADDR[1]
WARNING: [Synth 8-3331] design axi_crossbar_v2_1_18_addr_decoder has unconnected port ADDR[0]
WARNING: [Synth 8-3331] design axi_crossbar_v2_1_18_crossbar_sasd has unconnected port S_AXI_AWID[1]
WARNING: [Synth 8-3331] design axi_crossbar_v2_1_18_crossbar_sasd has unconnected port S_AXI_AWID[0]
WARNING: [Synth 8-3331] design axi_crossbar_v2_1_18_crossbar_sasd has unconnected port S_AXI_WID[1]
WARNING: [Synth 8-3331] design axi_crossbar_v2_1_18_crossbar_sasd has unconnected port S_AXI_WID[0]
WARNING: [Synth 8-3331] design axi_crossbar_v2_1_18_crossbar_sasd has unconnected port S_AXI_ARID[1]
WARNING: [Synth 8-3331] design axi_crossbar_v2_1_18_crossbar_sasd has unconnected port S_AXI_ARID[0]
WARNING: [Synth 8-3331] design axi_crossbar_v2_1_18_crossbar_sasd has unconnected port M_AXI_BID[13]
WARNING: [Synth 8-3331] design axi_crossbar_v2_1_18_crossbar_sasd has unconnected port M_AXI_BID[12]
WARNING: [Synth 8-3331] design axi_crossbar_v2_1_18_crossbar_sasd has unconnected port M_AXI_BID[11]
WARNING: [Synth 8-3331] design axi_crossbar_v2_1_18_crossbar_sasd has unconnected port M_AXI_BID[10]
WARNING: [Synth 8-3331] design axi_crossbar_v2_1_18_crossbar_sasd has unconnected port M_AXI_BID[9]
WARNING: [Synth 8-3331] design axi_crossbar_v2_1_18_crossbar_sasd has unconnected port M_AXI_BID[8]
WARNING: [Synth 8-3331] design axi_crossbar_v2_1_18_crossbar_sasd has unconnected port M_AXI_BID[7]
WARNING: [Synth 8-3331] design axi_crossbar_v2_1_18_crossbar_sasd has unconnected port M_AXI_BID[6]
WARNING: [Synth 8-3331] design axi_crossbar_v2_1_18_crossbar_sasd has unconnected port M_AXI_BID[5]
WARNING: [Synth 8-3331] design axi_crossbar_v2_1_18_crossbar_sasd has unconnected port M_AXI_BID[4]
WARNING: [Synth 8-3331] design axi_crossbar_v2_1_18_crossbar_sasd has unconnected port M_AXI_BID[3]
WARNING: [Synth 8-3331] design axi_crossbar_v2_1_18_crossbar_sasd has unconnected port M_AXI_BID[2]
WARNING: [Synth 8-3331] design axi_crossbar_v2_1_18_crossbar_sasd has unconnected port M_AXI_BID[1]
WARNING: [Synth 8-3331] design axi_crossbar_v2_1_18_crossbar_sasd has unconnected port M_AXI_BID[0]
WARNING: [Synth 8-3331] design axi_crossbar_v2_1_18_crossbar_sasd has unconnected port M_AXI_RID[13]
WARNING: [Synth 8-3331] design axi_crossbar_v2_1_18_crossbar_sasd has unconnected port M_AXI_RID[12]
WARNING: [Synth 8-3331] design axi_crossbar_v2_1_18_crossbar_sasd has unconnected port M_AXI_RID[11]
WARNING: [Synth 8-3331] design axi_crossbar_v2_1_18_crossbar_sasd has unconnected port M_AXI_RID[10]
WARNING: [Synth 8-3331] design axi_crossbar_v2_1_18_crossbar_sasd has unconnected port M_AXI_RID[9]
WARNING: [Synth 8-3331] design axi_crossbar_v2_1_18_crossbar_sasd has unconnected port M_AXI_RID[8]
WARNING: [Synth 8-3331] design axi_crossbar_v2_1_18_crossbar_sasd has unconnected port M_AXI_RID[7]
WARNING: [Synth 8-3331] design axi_crossbar_v2_1_18_crossbar_sasd has unconnected port M_AXI_RID[6]
WARNING: [Synth 8-3331] design axi_crossbar_v2_1_18_crossbar_sasd has unconnected port M_AXI_RID[5]
WARNING: [Synth 8-3331] design axi_crossbar_v2_1_18_crossbar_sasd has unconnected port M_AXI_RID[4]
WARNING: [Synth 8-3331] design axi_crossbar_v2_1_18_crossbar_sasd has unconnected port M_AXI_RID[3]
WARNING: [Synth 8-3331] design axi_crossbar_v2_1_18_crossbar_sasd has unconnected port M_AXI_RID[2]
WARNING: [Synth 8-3331] design axi_crossbar_v2_1_18_crossbar_sasd has unconnected port M_AXI_RID[1]
WARNING: [Synth 8-3331] design axi_crossbar_v2_1_18_crossbar_sasd has unconnected port M_AXI_RID[0]
WARNING: [Synth 8-3331] design axi_crossbar_v2_1_18_axi_crossbar has unconnected port s_axi_awid[1]
WARNING: [Synth 8-3331] design axi_crossbar_v2_1_18_axi_crossbar has unconnected port s_axi_awid[0]
WARNING: [Synth 8-3331] design axi_crossbar_v2_1_18_axi_crossbar has unconnected port s_axi_awaddr[63]
WARNING: [Synth 8-3331] design axi_crossbar_v2_1_18_axi_crossbar has unconnected port s_axi_awaddr[62]
WARNING: [Synth 8-3331] design axi_crossbar_v2_1_18_axi_crossbar has unconnected port s_axi_awaddr[61]
WARNING: [Synth 8-3331] design axi_crossbar_v2_1_18_axi_crossbar has unconnected port s_axi_awaddr[60]
WARNING: [Synth 8-3331] design axi_crossbar_v2_1_18_axi_crossbar has unconnected port s_axi_awaddr[59]
WARNING: [Synth 8-3331] design axi_crossbar_v2_1_18_axi_crossbar has unconnected port s_axi_awaddr[58]
WARNING: [Synth 8-3331] design axi_crossbar_v2_1_18_axi_crossbar has unconnected port s_axi_awaddr[57]
WARNING: [Synth 8-3331] design axi_crossbar_v2_1_18_axi_crossbar has unconnected port s_axi_awaddr[56]
WARNING: [Synth 8-3331] design axi_crossbar_v2_1_18_axi_crossbar has unconnected port s_axi_awaddr[55]
WARNING: [Synth 8-3331] design axi_crossbar_v2_1_18_axi_crossbar has unconnected port s_axi_awaddr[54]
WARNING: [Synth 8-3331] design axi_crossbar_v2_1_18_axi_crossbar has unconnected port s_axi_awaddr[53]
WARNING: [Synth 8-3331] design axi_crossbar_v2_1_18_axi_crossbar has unconnected port s_axi_awaddr[52]
WARNING: [Synth 8-3331] design axi_crossbar_v2_1_18_axi_crossbar has unconnected port s_axi_awaddr[51]
WARNING: [Synth 8-3331] design axi_crossbar_v2_1_18_axi_crossbar has unconnected port s_axi_awaddr[50]
WARNING: [Synth 8-3331] design axi_crossbar_v2_1_18_axi_crossbar has unconnected port s_axi_awaddr[49]
WARNING: [Synth 8-3331] design axi_crossbar_v2_1_18_axi_crossbar has unconnected port s_axi_awaddr[48]
WARNING: [Synth 8-3331] design axi_crossbar_v2_1_18_axi_crossbar has unconnected port s_axi_awaddr[47]
WARNING: [Synth 8-3331] design axi_crossbar_v2_1_18_axi_crossbar has unconnected port s_axi_awaddr[46]
WARNING: [Synth 8-3331] design axi_crossbar_v2_1_18_axi_crossbar has unconnected port s_axi_awaddr[45]
WARNING: [Synth 8-3331] design axi_crossbar_v2_1_18_axi_crossbar has unconnected port s_axi_awaddr[44]
WARNING: [Synth 8-3331] design axi_crossbar_v2_1_18_axi_crossbar has unconnected port s_axi_awaddr[43]
WARNING: [Synth 8-3331] design axi_crossbar_v2_1_18_axi_crossbar has unconnected port s_axi_awaddr[42]
WARNING: [Synth 8-3331] design axi_crossbar_v2_1_18_axi_crossbar has unconnected port s_axi_awaddr[41]
WARNING: [Synth 8-3331] design axi_crossbar_v2_1_18_axi_crossbar has unconnected port s_axi_awaddr[40]
WARNING: [Synth 8-3331] design axi_crossbar_v2_1_18_axi_crossbar has unconnected port s_axi_awaddr[39]
WARNING: [Synth 8-3331] design axi_crossbar_v2_1_18_axi_crossbar has unconnected port s_axi_awaddr[38]
WARNING: [Synth 8-3331] design axi_crossbar_v2_1_18_axi_crossbar has unconnected port s_axi_awaddr[37]
WARNING: [Synth 8-3331] design axi_crossbar_v2_1_18_axi_crossbar has unconnected port s_axi_awaddr[36]
WARNING: [Synth 8-3331] design axi_crossbar_v2_1_18_axi_crossbar has unconnected port s_axi_awaddr[35]
WARNING: [Synth 8-3331] design axi_crossbar_v2_1_18_axi_crossbar has unconnected port s_axi_awaddr[34]
WARNING: [Synth 8-3331] design axi_crossbar_v2_1_18_axi_crossbar has unconnected port s_axi_awaddr[33]
WARNING: [Synth 8-3331] design axi_crossbar_v2_1_18_axi_crossbar has unconnected port s_axi_awaddr[32]
WARNING: [Synth 8-3331] design axi_crossbar_v2_1_18_axi_crossbar has unconnected port s_axi_awlen[15]
WARNING: [Synth 8-3331] design axi_crossbar_v2_1_18_axi_crossbar has unconnected port s_axi_awlen[14]
WARNING: [Synth 8-3331] design axi_crossbar_v2_1_18_axi_crossbar has unconnected port s_axi_awlen[13]
WARNING: [Synth 8-3331] design axi_crossbar_v2_1_18_axi_crossbar has unconnected port s_axi_awlen[12]
WARNING: [Synth 8-3331] design axi_crossbar_v2_1_18_axi_crossbar has unconnected port s_axi_awlen[11]
WARNING: [Synth 8-3331] design axi_crossbar_v2_1_18_axi_crossbar has unconnected port s_axi_awlen[10]
WARNING: [Synth 8-3331] design axi_crossbar_v2_1_18_axi_crossbar has unconnected port s_axi_awlen[9]
WARNING: [Synth 8-3331] design axi_crossbar_v2_1_18_axi_crossbar has unconnected port s_axi_awlen[8]
WARNING: [Synth 8-3331] design axi_crossbar_v2_1_18_axi_crossbar has unconnected port s_axi_awlen[7]
WARNING: [Synth 8-3331] design axi_crossbar_v2_1_18_axi_crossbar has unconnected port s_axi_awlen[6]
WARNING: [Synth 8-3331] design axi_crossbar_v2_1_18_axi_crossbar has unconnected port s_axi_awlen[5]
WARNING: [Synth 8-3331] design axi_crossbar_v2_1_18_axi_crossbar has unconnected port s_axi_awlen[4]
WARNING: [Synth 8-3331] design axi_crossbar_v2_1_18_axi_crossbar has unconnected port s_axi_awlen[3]
WARNING: [Synth 8-3331] design axi_crossbar_v2_1_18_axi_crossbar has unconnected port s_axi_awlen[2]
WARNING: [Synth 8-3331] design axi_crossbar_v2_1_18_axi_crossbar has unconnected port s_axi_awlen[1]
WARNING: [Synth 8-3331] design axi_crossbar_v2_1_18_axi_crossbar has unconnected port s_axi_awlen[0]
WARNING: [Synth 8-3331] design axi_crossbar_v2_1_18_axi_crossbar has unconnected port s_axi_awsize[5]
WARNING: [Synth 8-3331] design axi_crossbar_v2_1_18_axi_crossbar has unconnected port s_axi_awsize[4]
WARNING: [Synth 8-3331] design axi_crossbar_v2_1_18_axi_crossbar has unconnected port s_axi_awsize[3]
INFO: [Common 17-14] Message 'Synth 8-3331' appears 100 times and further instances of the messages will be disabled. Use the Tcl command set_msg_config to change the current settings.
---------------------------------------------------------------------------------
Finished RTL Elaboration : Time (s): cpu = 00:00:13 ; elapsed = 00:00:16 . Memory (MB): peak = 611.715 ; gain = 259.078
---------------------------------------------------------------------------------

Report Check Netlist: 
+------+------------------+-------+---------+-------+------------------+
|      |Item              |Errors |Warnings |Status |Description       |
+------+------------------+-------+---------+-------+------------------+
|1     |multi_driven_nets |      0|        0|Passed |Multi driven nets |
+------+------------------+-------+---------+-------+------------------+
---------------------------------------------------------------------------------
Start Handling Custom Attributes
---------------------------------------------------------------------------------
---------------------------------------------------------------------------------
Finished Handling Custom Attributes : Time (s): cpu = 00:00:14 ; elapsed = 00:00:17 . Memory (MB): peak = 611.715 ; gain = 259.078
---------------------------------------------------------------------------------
---------------------------------------------------------------------------------
Finished RTL Optimization Phase 1 : Time (s): cpu = 00:00:14 ; elapsed = 00:00:17 . Memory (MB): peak = 611.715 ; gain = 259.078
---------------------------------------------------------------------------------
INFO: [Device 21-403] Loading part xc7a200tsbg484-1
INFO: [Project 1-570] Preparing netlist for logic optimization

Processing XDC Constraints
Initializing timing engine
Parsing XDC File [g:/ECE532/initial_demo/initial_demo.srcs/sources_1/bd/hdmi/ip/hdmi_xbar_1/hdmi_xbar_1_ooc.xdc] for cell 'inst'
Finished Parsing XDC File [g:/ECE532/initial_demo/initial_demo.srcs/sources_1/bd/hdmi/ip/hdmi_xbar_1/hdmi_xbar_1_ooc.xdc] for cell 'inst'
Parsing XDC File [G:/ECE532/initial_demo/initial_demo.runs/hdmi_xbar_1_synth_1/dont_touch.xdc]
Finished Parsing XDC File [G:/ECE532/initial_demo/initial_demo.runs/hdmi_xbar_1_synth_1/dont_touch.xdc]
Completed Processing XDC Constraints

INFO: [Project 1-111] Unisim Transformation Summary:
No Unisim elements were transformed.

Constraint Validation Runtime : Time (s): cpu = 00:00:00 ; elapsed = 00:00:00.192 . Memory (MB): peak = 909.422 ; gain = 1.129
---------------------------------------------------------------------------------
Finished Constraint Validation : Time (s): cpu = 00:00:24 ; elapsed = 00:00:42 . Memory (MB): peak = 909.422 ; gain = 556.785
---------------------------------------------------------------------------------
---------------------------------------------------------------------------------
Start Loading Part and Timing Information
---------------------------------------------------------------------------------
Loading part: xc7a200tsbg484-1
---------------------------------------------------------------------------------
Finished Loading Part and Timing Information : Time (s): cpu = 00:00:24 ; elapsed = 00:00:42 . Memory (MB): peak = 909.422 ; gain = 556.785
---------------------------------------------------------------------------------
---------------------------------------------------------------------------------
Start Applying 'set_property' XDC Constraints
---------------------------------------------------------------------------------
Applied set_property DONT_TOUCH = true for inst. (constraint file  G:/ECE532/initial_demo/initial_demo.runs/hdmi_xbar_1_synth_1/dont_touch.xdc, line 9).
---------------------------------------------------------------------------------
Finished applying 'set_property' XDC Constraints : Time (s): cpu = 00:00:24 ; elapsed = 00:00:42 . Memory (MB): peak = 909.422 ; gain = 556.785
---------------------------------------------------------------------------------
INFO: [Synth 8-4471] merging register 'gen_axilite.s_axi_wready_i_reg' into 'gen_axilite.s_axi_awready_i_reg' [g:/ECE532/initial_demo/initial_demo.srcs/sources_1/bd/hdmi/ipshared/15a3/hdl/axi_crossbar_v2_1_vl_rfs.v:3574]
WARNING: [Synth 8-6014] Unused sequential element gen_axilite.s_axi_wready_i_reg was removed.  [g:/ECE532/initial_demo/initial_demo.srcs/sources_1/bd/hdmi/ipshared/15a3/hdl/axi_crossbar_v2_1_vl_rfs.v:3574]
INFO: [Synth 8-5544] ROM "f_mux_return14" won't be mapped to Block RAM because address size (4) smaller than threshold (5)
INFO: [Synth 8-5544] ROM "f_mux_return14" won't be mapped to Block RAM because address size (4) smaller than threshold (5)
INFO: [Synth 8-5544] ROM "f_mux_return13" won't be mapped to Block RAM because address size (4) smaller than threshold (5)
INFO: [Synth 8-5544] ROM "f_mux_return12" won't be mapped to Block RAM because address size (4) smaller than threshold (5)
INFO: [Synth 8-5544] ROM "f_mux_return11" won't be mapped to Block RAM because address size (4) smaller than threshold (5)
INFO: [Synth 8-5544] ROM "f_mux_return10" won't be mapped to Block RAM because address size (4) smaller than threshold (5)
INFO: [Synth 8-5544] ROM "f_mux_return9" won't be mapped to Block RAM because address size (4) smaller than threshold (5)
INFO: [Synth 8-5544] ROM "f_mux_return8" won't be mapped to Block RAM because address size (4) smaller than threshold (5)
INFO: [Synth 8-5544] ROM "f_mux_return7" won't be mapped to Block RAM because address size (4) smaller than threshold (5)
INFO: [Synth 8-5544] ROM "f_mux_return6" won't be mapped to Block RAM because address size (4) smaller than threshold (5)
INFO: [Synth 8-5544] ROM "f_mux_return5" won't be mapped to Block RAM because address size (4) smaller than threshold (5)
INFO: [Synth 8-5544] ROM "f_mux_return4" won't be mapped to Block RAM because address size (4) smaller than threshold (5)
INFO: [Synth 8-5544] ROM "f_mux_return3" won't be mapped to Block RAM because address size (4) smaller than threshold (5)
INFO: [Synth 8-5544] ROM "f_mux_return2" won't be mapped to Block RAM because address size (4) smaller than threshold (5)
INFO: [Synth 8-5544] ROM "f_mux_return1" won't be mapped to Block RAM because address size (4) smaller than threshold (5)
INFO: [Synth 8-5544] ROM "f_mux_return14" won't be mapped to Block RAM because address size (4) smaller than threshold (5)
INFO: [Synth 8-5544] ROM "f_mux_return14" won't be mapped to Block RAM because address size (4) smaller than threshold (5)
INFO: [Synth 8-5544] ROM "f_mux_return13" won't be mapped to Block RAM because address size (4) smaller than threshold (5)
INFO: [Synth 8-5544] ROM "f_mux_return12" won't be mapped to Block RAM because address size (4) smaller than threshold (5)
INFO: [Synth 8-5544] ROM "f_mux_return11" won't be mapped to Block RAM because address size (4) smaller than threshold (5)
INFO: [Synth 8-5544] ROM "f_mux_return10" won't be mapped to Block RAM because address size (4) smaller than threshold (5)
INFO: [Synth 8-5544] ROM "f_mux_return9" won't be mapped to Block RAM because address size (4) smaller than threshold (5)
INFO: [Synth 8-5544] ROM "f_mux_return8" won't be mapped to Block RAM because address size (4) smaller than threshold (5)
INFO: [Synth 8-5544] ROM "f_mux_return7" won't be mapped to Block RAM because address size (4) smaller than threshold (5)
INFO: [Synth 8-5544] ROM "f_mux_return6" won't be mapped to Block RAM because address size (4) smaller than threshold (5)
INFO: [Synth 8-5544] ROM "f_mux_return5" won't be mapped to Block RAM because address size (4) smaller than threshold (5)
INFO: [Synth 8-5544] ROM "f_mux_return4" won't be mapped to Block RAM because address size (4) smaller than threshold (5)
INFO: [Synth 8-5544] ROM "f_mux_return3" won't be mapped to Block RAM because address size (4) smaller than threshold (5)
INFO: [Synth 8-5544] ROM "f_mux_return2" won't be mapped to Block RAM because address size (4) smaller than threshold (5)
INFO: [Synth 8-5544] ROM "f_mux_return1" won't be mapped to Block RAM because address size (4) smaller than threshold (5)
INFO: [Synth 8-5544] ROM "f_mux_return14" won't be mapped to Block RAM because address size (4) smaller than threshold (5)
INFO: [Synth 8-5544] ROM "f_mux_return14" won't be mapped to Block RAM because address size (4) smaller than threshold (5)
INFO: [Synth 8-5544] ROM "f_mux_return13" won't be mapped to Block RAM because address size (4) smaller than threshold (5)
INFO: [Synth 8-5544] ROM "f_mux_return12" won't be mapped to Block RAM because address size (4) smaller than threshold (5)
INFO: [Synth 8-5544] ROM "f_mux_return11" won't be mapped to Block RAM because address size (4) smaller than threshold (5)
INFO: [Synth 8-5544] ROM "f_mux_return10" won't be mapped to Block RAM because address size (4) smaller than threshold (5)
INFO: [Synth 8-5544] ROM "f_mux_return9" won't be mapped to Block RAM because address size (4) smaller than threshold (5)
INFO: [Synth 8-5544] ROM "f_mux_return8" won't be mapped to Block RAM because address size (4) smaller than threshold (5)
INFO: [Synth 8-5544] ROM "f_mux_return7" won't be mapped to Block RAM because address size (4) smaller than threshold (5)
INFO: [Synth 8-5544] ROM "f_mux_return6" won't be mapped to Block RAM because address size (4) smaller than threshold (5)
INFO: [Synth 8-5544] ROM "f_mux_return5" won't be mapped to Block RAM because address size (4) smaller than threshold (5)
INFO: [Synth 8-5544] ROM "f_mux_return4" won't be mapped to Block RAM because address size (4) smaller than threshold (5)
INFO: [Synth 8-5544] ROM "f_mux_return3" won't be mapped to Block RAM because address size (4) smaller than threshold (5)
INFO: [Synth 8-5544] ROM "f_mux_return2" won't be mapped to Block RAM because address size (4) smaller than threshold (5)
INFO: [Synth 8-5544] ROM "f_mux_return1" won't be mapped to Block RAM because address size (4) smaller than threshold (5)
---------------------------------------------------------------------------------
Finished RTL Optimization Phase 2 : Time (s): cpu = 00:00:25 ; elapsed = 00:00:43 . Memory (MB): peak = 909.422 ; gain = 556.785
---------------------------------------------------------------------------------

Report RTL Partitions: 
+-+--------------+------------+----------+
| |RTL Partition |Replication |Instances |
+-+--------------+------------+----------+
+-+--------------+------------+----------+
---------------------------------------------------------------------------------
Start RTL Component Statistics 
---------------------------------------------------------------------------------
Detailed RTL Component Info : 
+---Registers : 
	               64 Bit    Registers := 1     
	               36 Bit    Registers := 2     
	               15 Bit    Registers := 1     
	                4 Bit    Registers := 1     
	                3 Bit    Registers := 1     
	                2 Bit    Registers := 7     
	                1 Bit    Registers := 11    
+---Muxes : 
	   2 Input     64 Bit        Muxes := 2     
	   2 Input     36 Bit        Muxes := 2     
	   2 Input     15 Bit        Muxes := 1     
	   2 Input     14 Bit        Muxes := 1     
	   2 Input      4 Bit        Muxes := 2     
	   2 Input      1 Bit        Muxes := 115   
---------------------------------------------------------------------------------
Finished RTL Component Statistics 
---------------------------------------------------------------------------------
---------------------------------------------------------------------------------
Start RTL Hierarchical Component Statistics 
---------------------------------------------------------------------------------
Hierarchical RTL Component report 
Module axi_crossbar_v2_1_18_addr_decoder 
Detailed RTL Component Info : 
+---Muxes : 
	   2 Input     14 Bit        Muxes := 1     
Module axi_crossbar_v2_1_18_decerr_slave 
Detailed RTL Component Info : 
+---Registers : 
	                1 Bit    Registers := 4     
+---Muxes : 
	   2 Input      1 Bit        Muxes := 3     
Module axi_crossbar_v2_1_18_addr_arbiter_sasd 
Detailed RTL Component Info : 
+---Registers : 
	               64 Bit    Registers := 1     
	                2 Bit    Registers := 5     
	                1 Bit    Registers := 4     
+---Muxes : 
	   2 Input     64 Bit        Muxes := 2     
	   2 Input      1 Bit        Muxes := 7     
Module axi_crossbar_v2_1_18_splitter 
Detailed RTL Component Info : 
+---Registers : 
	                3 Bit    Registers := 1     
Module axi_crossbar_v2_1_18_splitter__parameterized0 
Detailed RTL Component Info : 
+---Registers : 
	                2 Bit    Registers := 1     
Module generic_baseblocks_v2_1_0_mux_enc__parameterized2 
Detailed RTL Component Info : 
+---Muxes : 
	   2 Input      1 Bit        Muxes := 15    
Module generic_baseblocks_v2_1_0_mux_enc__parameterized3 
Detailed RTL Component Info : 
+---Muxes : 
	   2 Input      1 Bit        Muxes := 15    
Module axi_register_slice_v2_1_17_axic_register_slice 
Detailed RTL Component Info : 
+---Registers : 
	               36 Bit    Registers := 2     
	                2 Bit    Registers := 1     
	                1 Bit    Registers := 2     
+---Muxes : 
	   2 Input     36 Bit        Muxes := 2     
Module generic_baseblocks_v2_1_0_mux_enc__parameterized4 
Detailed RTL Component Info : 
+---Muxes : 
	   2 Input      1 Bit        Muxes := 15    
Module axi_crossbar_v2_1_18_crossbar_sasd 
Detailed RTL Component Info : 
+---Registers : 
	               15 Bit    Registers := 1     
	                4 Bit    Registers := 1     
	                1 Bit    Registers := 1     
+---Muxes : 
	   2 Input     15 Bit        Muxes := 1     
	   2 Input      4 Bit        Muxes := 2     
---------------------------------------------------------------------------------
Finished RTL Hierarchical Component Statistics
---------------------------------------------------------------------------------
---------------------------------------------------------------------------------
Start Part Resource Summary
---------------------------------------------------------------------------------
Part Resources:
DSPs: 740 (col length:100)
BRAMs: 730 (col length: RAMB18 100 RAMB36 50)
---------------------------------------------------------------------------------
Finished Part Resource Summary
---------------------------------------------------------------------------------
---------------------------------------------------------------------------------
Start Cross Boundary and Area Optimization
---------------------------------------------------------------------------------
Warning: Parallel synthesis criteria is not met 
INFO: [Synth 8-3333] propagating constant 0 across sequential element (inst/\gen_sasd.crossbar_sasd_0/addr_arbiter_inst/s_awvalid_reg_reg[1] )
INFO: [Synth 8-3332] Sequential element (gen_sasd.crossbar_sasd_0/addr_arbiter_inst/s_arvalid_reg_reg[1]) is unused and will be removed from module axi_crossbar_v2_1_18_axi_crossbar.
INFO: [Synth 8-3332] Sequential element (gen_sasd.crossbar_sasd_0/addr_arbiter_inst/s_awvalid_reg_reg[1]) is unused and will be removed from module axi_crossbar_v2_1_18_axi_crossbar.
INFO: [Synth 8-3332] Sequential element (gen_sasd.crossbar_sasd_0/addr_arbiter_inst/gen_arbiter.m_amesg_i_reg[63]) is unused and will be removed from module axi_crossbar_v2_1_18_axi_crossbar.
INFO: [Synth 8-3332] Sequential element (gen_sasd.crossbar_sasd_0/addr_arbiter_inst/gen_arbiter.m_amesg_i_reg[62]) is unused and will be removed from module axi_crossbar_v2_1_18_axi_crossbar.
INFO: [Synth 8-3332] Sequential element (gen_sasd.crossbar_sasd_0/addr_arbiter_inst/gen_arbiter.m_amesg_i_reg[61]) is unused and will be removed from module axi_crossbar_v2_1_18_axi_crossbar.
INFO: [Synth 8-3332] Sequential element (gen_sasd.crossbar_sasd_0/addr_arbiter_inst/gen_arbiter.m_amesg_i_reg[60]) is unused and will be removed from module axi_crossbar_v2_1_18_axi_crossbar.
INFO: [Synth 8-3332] Sequential element (gen_sasd.crossbar_sasd_0/addr_arbiter_inst/gen_arbiter.m_amesg_i_reg[59]) is unused and will be removed from module axi_crossbar_v2_1_18_axi_crossbar.
INFO: [Synth 8-3332] Sequential element (gen_sasd.crossbar_sasd_0/addr_arbiter_inst/gen_arbiter.m_amesg_i_reg[58]) is unused and will be removed from module axi_crossbar_v2_1_18_axi_crossbar.
INFO: [Synth 8-3332] Sequential element (gen_sasd.crossbar_sasd_0/addr_arbiter_inst/gen_arbiter.m_amesg_i_reg[57]) is unused and will be removed from module axi_crossbar_v2_1_18_axi_crossbar.
INFO: [Synth 8-3332] Sequential element (gen_sasd.crossbar_sasd_0/addr_arbiter_inst/gen_arbiter.m_amesg_i_reg[56]) is unused and will be removed from module axi_crossbar_v2_1_18_axi_crossbar.
INFO: [Synth 8-3332] Sequential element (gen_sasd.crossbar_sasd_0/addr_arbiter_inst/gen_arbiter.m_amesg_i_reg[55]) is unused and will be removed from module axi_crossbar_v2_1_18_axi_crossbar.
INFO: [Synth 8-3332] Sequential element (gen_sasd.crossbar_sasd_0/addr_arbiter_inst/gen_arbiter.m_amesg_i_reg[54]) is unused and will be removed from module axi_crossbar_v2_1_18_axi_crossbar.
INFO: [Synth 8-3332] Sequential element (gen_sasd.crossbar_sasd_0/addr_arbiter_inst/gen_arbiter.m_amesg_i_reg[53]) is unused and will be removed from module axi_crossbar_v2_1_18_axi_crossbar.
INFO: [Synth 8-3332] Sequential element (gen_sasd.crossbar_sasd_0/addr_arbiter_inst/gen_arbiter.m_amesg_i_reg[52]) is unused and will be removed from module axi_crossbar_v2_1_18_axi_crossbar.
INFO: [Synth 8-3332] Sequential element (gen_sasd.crossbar_sasd_0/addr_arbiter_inst/gen_arbiter.m_amesg_i_reg[51]) is unused and will be removed from module axi_crossbar_v2_1_18_axi_crossbar.
INFO: [Synth 8-3332] Sequential element (gen_sasd.crossbar_sasd_0/addr_arbiter_inst/gen_arbiter.m_amesg_i_reg[50]) is unused and will be removed from module axi_crossbar_v2_1_18_axi_crossbar.
INFO: [Synth 8-3332] Sequential element (gen_sasd.crossbar_sasd_0/addr_arbiter_inst/gen_arbiter.m_amesg_i_reg[49]) is unused and will be removed from module axi_crossbar_v2_1_18_axi_crossbar.
INFO: [Synth 8-3332] Sequential element (gen_sasd.crossbar_sasd_0/addr_arbiter_inst/gen_arbiter.m_amesg_i_reg[45]) is unused and will be removed from module axi_crossbar_v2_1_18_axi_crossbar.
INFO: [Synth 8-3332] Sequential element (gen_sasd.crossbar_sasd_0/addr_arbiter_inst/gen_arbiter.m_amesg_i_reg[44]) is unused and will be removed from module axi_crossbar_v2_1_18_axi_crossbar.
INFO: [Synth 8-3332] Sequential element (gen_sasd.crossbar_sasd_0/addr_arbiter_inst/gen_arbiter.m_amesg_i_reg[43]) is unused and will be removed from module axi_crossbar_v2_1_18_axi_crossbar.
INFO: [Synth 8-3332] Sequential element (gen_sasd.crossbar_sasd_0/addr_arbiter_inst/gen_arbiter.m_amesg_i_reg[42]) is unused and will be removed from module axi_crossbar_v2_1_18_axi_crossbar.
INFO: [Synth 8-3332] Sequential element (gen_sasd.crossbar_sasd_0/addr_arbiter_inst/gen_arbiter.m_amesg_i_reg[41]) is unused and will be removed from module axi_crossbar_v2_1_18_axi_crossbar.
INFO: [Synth 8-3332] Sequential element (gen_sasd.crossbar_sasd_0/addr_arbiter_inst/gen_arbiter.m_amesg_i_reg[40]) is unused and will be removed from module axi_crossbar_v2_1_18_axi_crossbar.
INFO: [Synth 8-3332] Sequential element (gen_sasd.crossbar_sasd_0/addr_arbiter_inst/gen_arbiter.m_amesg_i_reg[39]) is unused and will be removed from module axi_crossbar_v2_1_18_axi_crossbar.
INFO: [Synth 8-3332] Sequential element (gen_sasd.crossbar_sasd_0/addr_arbiter_inst/gen_arbiter.m_amesg_i_reg[38]) is unused and will be removed from module axi_crossbar_v2_1_18_axi_crossbar.
INFO: [Synth 8-3332] Sequential element (gen_sasd.crossbar_sasd_0/addr_arbiter_inst/gen_arbiter.m_amesg_i_reg[37]) is unused and will be removed from module axi_crossbar_v2_1_18_axi_crossbar.
INFO: [Synth 8-3332] Sequential element (gen_sasd.crossbar_sasd_0/addr_arbiter_inst/gen_arbiter.m_amesg_i_reg[36]) is unused and will be removed from module axi_crossbar_v2_1_18_axi_crossbar.
INFO: [Synth 8-3332] Sequential element (gen_sasd.crossbar_sasd_0/addr_arbiter_inst/gen_arbiter.m_amesg_i_reg[35]) is unused and will be removed from module axi_crossbar_v2_1_18_axi_crossbar.
INFO: [Synth 8-3332] Sequential element (gen_sasd.crossbar_sasd_0/addr_arbiter_inst/gen_arbiter.m_amesg_i_reg[34]) is unused and will be removed from module axi_crossbar_v2_1_18_axi_crossbar.
INFO: [Synth 8-3332] Sequential element (gen_sasd.crossbar_sasd_0/addr_arbiter_inst/gen_arbiter.m_amesg_i_reg[33]) is unused and will be removed from module axi_crossbar_v2_1_18_axi_crossbar.
INFO: [Synth 8-3332] Sequential element (gen_sasd.crossbar_sasd_0/addr_arbiter_inst/gen_arbiter.m_amesg_i_reg[0]) is unused and will be removed from module axi_crossbar_v2_1_18_axi_crossbar.
INFO: [Synth 8-3332] Sequential element (gen_sasd.crossbar_sasd_0/reg_slice_r/skid_buffer_reg[35]) is unused and will be removed from module axi_crossbar_v2_1_18_axi_crossbar.
INFO: [Synth 8-3332] Sequential element (gen_sasd.crossbar_sasd_0/reg_slice_r/m_payload_i_reg[35]) is unused and will be removed from module axi_crossbar_v2_1_18_axi_crossbar.
---------------------------------------------------------------------------------
Finished Cross Boundary and Area Optimization : Time (s): cpu = 00:00:28 ; elapsed = 00:00:47 . Memory (MB): peak = 909.422 ; gain = 556.785
---------------------------------------------------------------------------------

Report RTL Partitions: 
+-+--------------+------------+----------+
| |RTL Partition |Replication |Instances |
+-+--------------+------------+----------+
+-+--------------+------------+----------+
---------------------------------------------------------------------------------
Start Applying XDC Timing Constraints
---------------------------------------------------------------------------------
---------------------------------------------------------------------------------
Finished Applying XDC Timing Constraints : Time (s): cpu = 00:00:37 ; elapsed = 00:00:58 . Memory (MB): peak = 909.422 ; gain = 556.785
---------------------------------------------------------------------------------
---------------------------------------------------------------------------------
Start Timing Optimization
---------------------------------------------------------------------------------
---------------------------------------------------------------------------------
Finished Timing Optimization : Time (s): cpu = 00:00:38 ; elapsed = 00:00:59 . Memory (MB): peak = 909.422 ; gain = 556.785
---------------------------------------------------------------------------------

Report RTL Partitions: 
+-+--------------+------------+----------+
| |RTL Partition |Replication |Instances |
+-+--------------+------------+----------+
+-+--------------+------------+----------+
---------------------------------------------------------------------------------
Start Technology Mapping
---------------------------------------------------------------------------------
---------------------------------------------------------------------------------
Finished Technology Mapping : Time (s): cpu = 00:00:38 ; elapsed = 00:00:59 . Memory (MB): peak = 918.211 ; gain = 565.574
---------------------------------------------------------------------------------

Report RTL Partitions: 
+-+--------------+------------+----------+
| |RTL Partition |Replication |Instances |
+-+--------------+------------+----------+
+-+--------------+------------+----------+
---------------------------------------------------------------------------------
Start IO Insertion
---------------------------------------------------------------------------------
---------------------------------------------------------------------------------
Start Flattening Before IO Insertion
---------------------------------------------------------------------------------
---------------------------------------------------------------------------------
Finished Flattening Before IO Insertion
---------------------------------------------------------------------------------
---------------------------------------------------------------------------------
Start Final Netlist Cleanup
---------------------------------------------------------------------------------
---------------------------------------------------------------------------------
Finished Final Netlist Cleanup
---------------------------------------------------------------------------------
---------------------------------------------------------------------------------
Finished IO Insertion : Time (s): cpu = 00:00:39 ; elapsed = 00:01:01 . Memory (MB): peak = 918.211 ; gain = 565.574
---------------------------------------------------------------------------------

Report Check Netlist: 
+------+------------------+-------+---------+-------+------------------+
|      |Item              |Errors |Warnings |Status |Description       |
+------+------------------+-------+---------+-------+------------------+
|1     |multi_driven_nets |      0|        0|Passed |Multi driven nets |
+------+------------------+-------+---------+-------+------------------+
---------------------------------------------------------------------------------
Start Renaming Generated Instances
---------------------------------------------------------------------------------
---------------------------------------------------------------------------------
Finished Renaming Generated Instances : Time (s): cpu = 00:00:39 ; elapsed = 00:01:01 . Memory (MB): peak = 918.211 ; gain = 565.574
---------------------------------------------------------------------------------

Report RTL Partitions: 
+-+--------------+------------+----------+
| |RTL Partition |Replication |Instances |
+-+--------------+------------+----------+
+-+--------------+------------+----------+
---------------------------------------------------------------------------------
Start Rebuilding User Hierarchy
---------------------------------------------------------------------------------
---------------------------------------------------------------------------------
Finished Rebuilding User Hierarchy : Time (s): cpu = 00:00:39 ; elapsed = 00:01:01 . Memory (MB): peak = 918.211 ; gain = 565.574
---------------------------------------------------------------------------------
---------------------------------------------------------------------------------
Start Renaming Generated Ports
---------------------------------------------------------------------------------
---------------------------------------------------------------------------------
Finished Renaming Generated Ports : Time (s): cpu = 00:00:39 ; elapsed = 00:01:01 . Memory (MB): peak = 918.211 ; gain = 565.574
---------------------------------------------------------------------------------
---------------------------------------------------------------------------------
Start Handling Custom Attributes
---------------------------------------------------------------------------------
---------------------------------------------------------------------------------
Finished Handling Custom Attributes : Time (s): cpu = 00:00:40 ; elapsed = 00:01:01 . Memory (MB): peak = 918.211 ; gain = 565.574
---------------------------------------------------------------------------------
---------------------------------------------------------------------------------
Start Renaming Generated Nets
---------------------------------------------------------------------------------
---------------------------------------------------------------------------------
Finished Renaming Generated Nets : Time (s): cpu = 00:00:40 ; elapsed = 00:01:01 . Memory (MB): peak = 918.211 ; gain = 565.574
---------------------------------------------------------------------------------
---------------------------------------------------------------------------------
Start Writing Synthesis Report
---------------------------------------------------------------------------------

Report BlackBoxes: 
+-+--------------+----------+
| |BlackBox name |Instances |
+-+--------------+----------+
+-+--------------+----------+

Report Cell Usage: 
+------+-----+------+
|      |Cell |Count |
+------+-----+------+
|1     |LUT1 |     2|
|2     |LUT2 |    59|
|3     |LUT3 |    39|
|4     |LUT4 |    65|
|5     |LUT5 |    73|
|6     |LUT6 |   369|
|7     |FDRE |   153|
|8     |FDSE |     1|
+------+-----+------+

Report Instance Areas: 
+------+-------------------------------------+-----------------------------------------------+------+
|      |Instance                             |Module                                         |Cells |
+------+-------------------------------------+-----------------------------------------------+------+
|1     |top                                  |                                               |   761|
|2     |  inst                               |axi_crossbar_v2_1_18_axi_crossbar              |   761|
|3     |    \gen_sasd.crossbar_sasd_0        |axi_crossbar_v2_1_18_crossbar_sasd             |   761|
|4     |      addr_arbiter_inst              |axi_crossbar_v2_1_18_addr_arbiter_sasd         |   294|
|5     |      \gen_decerr.decerr_slave_inst  |axi_crossbar_v2_1_18_decerr_slave              |    19|
|6     |      reg_slice_r                    |axi_register_slice_v2_1_17_axic_register_slice |   397|
|7     |      splitter_ar                    |axi_crossbar_v2_1_18_splitter__parameterized0  |     4|
|8     |      splitter_aw                    |axi_crossbar_v2_1_18_splitter                  |     7|
+------+-------------------------------------+-----------------------------------------------+------+
---------------------------------------------------------------------------------
Finished Writing Synthesis Report : Time (s): cpu = 00:00:40 ; elapsed = 00:01:01 . Memory (MB): peak = 918.211 ; gain = 565.574
---------------------------------------------------------------------------------
Synthesis finished with 0 errors, 0 critical warnings and 297 warnings.
Synthesis Optimization Runtime : Time (s): cpu = 00:00:18 ; elapsed = 00:00:39 . Memory (MB): peak = 918.211 ; gain = 267.867
Synthesis Optimization Complete : Time (s): cpu = 00:00:40 ; elapsed = 00:01:01 . Memory (MB): peak = 918.211 ; gain = 565.574
INFO: [Project 1-571] Translating synthesized netlist
INFO: [Project 1-570] Preparing netlist for logic optimization
INFO: [Opt 31-138] Pushed 0 inverter(s) to 0 load pin(s).
INFO: [Project 1-111] Unisim Transformation Summary:
No Unisim elements were transformed.

INFO: [Common 17-83] Releasing license: Synthesis
151 Infos, 105 Warnings, 0 Critical Warnings and 0 Errors encountered.
synth_design completed successfully
synth_design: Time (s): cpu = 00:00:42 ; elapsed = 00:01:05 . Memory (MB): peak = 920.426 ; gain = 574.652
WARNING: [Constraints 18-5210] No constraint will be written out.
INFO: [Common 17-1381] The checkpoint 'G:/ECE532/initial_demo/initial_demo.runs/hdmi_xbar_1_synth_1/hdmi_xbar_1.dcp' has been generated.
