Copyright 1986-2018 Xilinx, Inc. All Rights Reserved.
--------------------------------------------------------------------------------------------------------------------------------------------------------------------------
| Tool Version : Vivado v.2018.2 (win64) Build 2258646 Thu Jun 14 20:03:12 MDT 2018
| Date         : Wed Mar 13 01:52:34 2019
| Host         : LAPTOP-J26FKCBU running 64-bit major release  (build 9200)
| Command      : report_methodology -file hdmi_wrapper_methodology_drc_routed.rpt -pb hdmi_wrapper_methodology_drc_routed.pb -rpx hdmi_wrapper_methodology_drc_routed.rpx
| Design       : hdmi_wrapper
| Device       : xc7a200tsbg484-1
| Speed File   : -1
| Design State : Routed
--------------------------------------------------------------------------------------------------------------------------------------------------------------------------

Report Methodology

Table of Contents
-----------------
1. REPORT SUMMARY
2. REPORT DETAILS

1. REPORT SUMMARY
-----------------
            Netlist: netlist
          Floorplan: design_1
      Design limits: <entire design considered>
             Max violations: <unlimited>
             Violations found: 93
+-----------+----------+--------------------------------------------------------+------------+
| Rule      | Severity | Description                                            | Violations |
+-----------+----------+--------------------------------------------------------+------------+
| LUTAR-1   | Warning  | LUT drives async reset alert                           | 11         |
| PDRC-190  | Warning  | Suboptimally placed synchronized register chain        | 39         |
| TIMING-4  | Warning  | Invalid primary clock redefinition on a clock tree     | 1          |
| TIMING-6  | Warning  | No common primary clock between related clocks         | 2          |
| TIMING-7  | Warning  | No common node between related clocks                  | 2          |
| TIMING-9  | Warning  | Unknown CDC Logic                                      | 1          |
| TIMING-10 | Warning  | Missing property on synchronizer                       | 1          |
| TIMING-18 | Warning  | Missing input or output delay                          | 10         |
| TIMING-27 | Warning  | Invalid primary clock on hierarchical pin              | 1          |
| XDCB-5    | Warning  | Runtime inefficient way to find pin objects            | 7          |
| XDCC-1    | Warning  | Scoped Clock constraint overwritten with the same name | 1          |
| XDCC-2    | Warning  | Scoped Non-Timing constraint/property overwritten      | 1          |
| REQP-1959 | Advisory | connects_SERDES_RST_driver_not_FF                      | 16         |
+-----------+----------+--------------------------------------------------------+------------+

2. REPORT DETAILS
-----------------
LUTAR-1#1 Warning
LUT drives async reset alert  
LUT cell hdmi_i/axi_ethernet_0/inst/eth_buf/U0/COMBINE_RESETS/AXI_RESET_TO_RXD_AXSTREAM/ClkA_reset_inst/RESET2TEMACn_INST_0, with 2 or more inputs, drives asynchronous preset/clear pin(s) hdmi_i/axi_ethernet_0/inst/mac/inst/tri_mode_ethernet_mac_i/bd_e87d_mac_0_core/man_reset.sync_glbl_rstn_bus2ip_clk/async_rst0_reg/CLR, hdmi_i/axi_ethernet_0/inst/mac/inst/tri_mode_ethernet_mac_i/bd_e87d_mac_0_core/man_reset.sync_glbl_rstn_bus2ip_clk/async_rst1_reg/CLR, hdmi_i/axi_ethernet_0/inst/mac/inst/tri_mode_ethernet_mac_i/bd_e87d_mac_0_core/man_reset.sync_glbl_rstn_bus2ip_clk/async_rst2_reg/CLR, hdmi_i/axi_ethernet_0/inst/mac/inst/tri_mode_ethernet_mac_i/bd_e87d_mac_0_core/man_reset.sync_glbl_rstn_bus2ip_clk/async_rst3_reg/CLR, hdmi_i/axi_ethernet_0/inst/mac/inst/tri_mode_ethernet_mac_i/bd_e87d_mac_0_core/man_reset.sync_glbl_rstn_bus2ip_clk/async_rst4_reg/CLR, hdmi_i/axi_ethernet_0/inst/mac/inst/tri_mode_ethernet_mac_i/bd_e87d_mac_0_core/sync_glbl_rstn_rx_clk/async_rst0_reg/CLR, hdmi_i/axi_ethernet_0/inst/mac/inst/tri_mode_ethernet_mac_i/bd_e87d_mac_0_core/sync_glbl_rstn_rx_clk/async_rst1_reg/CLR, hdmi_i/axi_ethernet_0/inst/mac/inst/tri_mode_ethernet_mac_i/bd_e87d_mac_0_core/sync_glbl_rstn_rx_clk/async_rst2_reg/CLR, hdmi_i/axi_ethernet_0/inst/mac/inst/tri_mode_ethernet_mac_i/bd_e87d_mac_0_core/sync_glbl_rstn_rx_clk/async_rst3_reg/CLR, hdmi_i/axi_ethernet_0/inst/mac/inst/tri_mode_ethernet_mac_i/bd_e87d_mac_0_core/sync_glbl_rstn_rx_clk/async_rst4_reg/CLR, hdmi_i/axi_ethernet_0/inst/mac/inst/tri_mode_ethernet_mac_i/bd_e87d_mac_0_core/sync_glbl_rstn_tx_clk/async_rst0_reg/CLR, hdmi_i/axi_ethernet_0/inst/mac/inst/tri_mode_ethernet_mac_i/bd_e87d_mac_0_core/sync_glbl_rstn_tx_clk/async_rst1_reg/CLR, hdmi_i/axi_ethernet_0/inst/mac/inst/tri_mode_ethernet_mac_i/bd_e87d_mac_0_core/sync_glbl_rstn_tx_clk/async_rst2_reg/CLR, hdmi_i/axi_ethernet_0/inst/mac/inst/tri_mode_ethernet_mac_i/bd_e87d_mac_0_core/sync_glbl_rstn_tx_clk/async_rst3_reg/CLR, hdmi_i/axi_ethernet_0/inst/mac/inst/tri_mode_ethernet_mac_i/bd_e87d_mac_0_core/sync_glbl_rstn_tx_clk/async_rst4_reg/CLR (the first 15 of 30 listed). The LUT may glitch and trigger an unexpected reset, even if it is a properly timed path.
Related violations: <none>

LUTAR-1#2 Warning
LUT drives async reset alert  
LUT cell hdmi_i/axi_ethernet_0/inst/eth_buf/U0/COMBINE_RESETS/AXI_RESET_TO_TXC_AXSTREAM/ClkA_reset_inst/RESET2PCSPMA_INST_0, with 2 or more inputs, drives asynchronous preset/clear pin(s) hdmi_i/axi_ethernet_0/inst/eth_buf/U0/COMBINE_RESETS/AXI_RESET_TO_RXCLIENT/ClkB_reset_inst/async_rst0_reg/PRE, hdmi_i/axi_ethernet_0/inst/eth_buf/U0/COMBINE_RESETS/AXI_RESET_TO_RXCLIENT/ClkB_reset_inst/async_rst1_reg/PRE, hdmi_i/axi_ethernet_0/inst/eth_buf/U0/COMBINE_RESETS/AXI_RESET_TO_RXCLIENT/ClkB_reset_inst/async_rst2_reg/PRE, hdmi_i/axi_ethernet_0/inst/eth_buf/U0/COMBINE_RESETS/AXI_RESET_TO_RXCLIENT/ClkB_reset_inst/async_rst3_reg/PRE, hdmi_i/axi_ethernet_0/inst/eth_buf/U0/COMBINE_RESETS/AXI_RESET_TO_RXCLIENT/ClkB_reset_inst/async_rst4_reg/PRE, hdmi_i/axi_ethernet_0/inst/eth_buf/U0/COMBINE_RESETS/AXI_RESET_TO_TXCLIENT/ClkB_reset_inst/async_rst0_reg/PRE, hdmi_i/axi_ethernet_0/inst/eth_buf/U0/COMBINE_RESETS/AXI_RESET_TO_TXCLIENT/ClkB_reset_inst/async_rst1_reg/PRE, hdmi_i/axi_ethernet_0/inst/eth_buf/U0/COMBINE_RESETS/AXI_RESET_TO_TXCLIENT/ClkB_reset_inst/async_rst2_reg/PRE, hdmi_i/axi_ethernet_0/inst/eth_buf/U0/COMBINE_RESETS/AXI_RESET_TO_TXCLIENT/ClkB_reset_inst/async_rst3_reg/PRE, hdmi_i/axi_ethernet_0/inst/eth_buf/U0/COMBINE_RESETS/AXI_RESET_TO_TXCLIENT/ClkB_reset_inst/async_rst4_reg/PRE. The LUT may glitch and trigger an unexpected reset, even if it is a properly timed path.
Related violations: <none>

LUTAR-1#3 Warning
LUT drives async reset alert  
LUT cell hdmi_i/axi_ethernet_0/inst/mac/inst/tri_mode_ethernet_mac_support_resets_i/gtx_mmcm_reset_gen_i_1, with 2 or more inputs, drives asynchronous preset/clear pin(s) hdmi_i/axi_ethernet_0/inst/mac/inst/tri_mode_ethernet_mac_support_resets_i/gtx_mmcm_reset_gen/reset_sync0/PRE, hdmi_i/axi_ethernet_0/inst/mac/inst/tri_mode_ethernet_mac_support_resets_i/gtx_mmcm_reset_gen/reset_sync1/PRE, hdmi_i/axi_ethernet_0/inst/mac/inst/tri_mode_ethernet_mac_support_resets_i/gtx_mmcm_reset_gen/reset_sync2/PRE, hdmi_i/axi_ethernet_0/inst/mac/inst/tri_mode_ethernet_mac_support_resets_i/gtx_mmcm_reset_gen/reset_sync3/PRE, hdmi_i/axi_ethernet_0/inst/mac/inst/tri_mode_ethernet_mac_support_resets_i/gtx_mmcm_reset_gen/reset_sync4/PRE. The LUT may glitch and trigger an unexpected reset, even if it is a properly timed path.
Related violations: <none>

LUTAR-1#4 Warning
LUT drives async reset alert  
LUT cell hdmi_i/axi_ethernet_0/inst/mac/inst/tri_mode_ethernet_mac_support_resets_i/idelayctrl_reset_gen_i_1, with 2 or more inputs, drives asynchronous preset/clear pin(s) hdmi_i/axi_ethernet_0/inst/mac/inst/tri_mode_ethernet_mac_support_resets_i/idelayctrl_reset_gen/reset_sync0/PRE, hdmi_i/axi_ethernet_0/inst/mac/inst/tri_mode_ethernet_mac_support_resets_i/idelayctrl_reset_gen/reset_sync1/PRE, hdmi_i/axi_ethernet_0/inst/mac/inst/tri_mode_ethernet_mac_support_resets_i/idelayctrl_reset_gen/reset_sync2/PRE, hdmi_i/axi_ethernet_0/inst/mac/inst/tri_mode_ethernet_mac_support_resets_i/idelayctrl_reset_gen/reset_sync3/PRE, hdmi_i/axi_ethernet_0/inst/mac/inst/tri_mode_ethernet_mac_support_resets_i/idelayctrl_reset_gen/reset_sync4/PRE. The LUT may glitch and trigger an unexpected reset, even if it is a properly timed path.
Related violations: <none>

LUTAR-1#5 Warning
LUT drives async reset alert  
LUT cell hdmi_i/axi_mem_intercon/m00_couplers/auto_ds/inst/gen_downsizer.gen_simple_downsizer.axi_downsizer_inst/USE_READ.read_addr_inst/cmd_queue/inst/fifo_gen_inst/inst_fifo_gen/gconvfifo.rf/grf.rf/rstblk/gc0.count_d1[4]_i_2, with 2 or more inputs, drives asynchronous preset/clear pin(s) hdmi_i/axi_mem_intercon/m00_couplers/auto_ds/inst/gen_downsizer.gen_simple_downsizer.axi_downsizer_inst/USE_READ.read_addr_inst/cmd_queue/inst/fifo_gen_inst/inst_fifo_gen/gconvfifo.rf/grf.rf/gntv_or_sync_fifo.gl0.wr/gwss.wsts/ram_full_fb_i_reg/CLR, hdmi_i/axi_mem_intercon/m00_couplers/auto_ds/inst/gen_downsizer.gen_simple_downsizer.axi_downsizer_inst/USE_READ.read_addr_inst/cmd_queue/inst/fifo_gen_inst/inst_fifo_gen/gconvfifo.rf/grf.rf/gntv_or_sync_fifo.gl0.wr/gwss.wsts/ram_full_i_reg/CLR, hdmi_i/axi_mem_intercon/m00_couplers/auto_ds/inst/gen_downsizer.gen_simple_downsizer.axi_downsizer_inst/USE_READ.read_addr_inst/cmd_queue/inst/fifo_gen_inst/inst_fifo_gen/gconvfifo.rf/grf.rf/gntv_or_sync_fifo.gl0.wr/wpntr/gcc0.gc0.count_d1_reg[0]/CLR, hdmi_i/axi_mem_intercon/m00_couplers/auto_ds/inst/gen_downsizer.gen_simple_downsizer.axi_downsizer_inst/USE_READ.read_addr_inst/cmd_queue/inst/fifo_gen_inst/inst_fifo_gen/gconvfifo.rf/grf.rf/gntv_or_sync_fifo.gl0.wr/wpntr/gcc0.gc0.count_d1_reg[1]/CLR, hdmi_i/axi_mem_intercon/m00_couplers/auto_ds/inst/gen_downsizer.gen_simple_downsizer.axi_downsizer_inst/USE_READ.read_addr_inst/cmd_queue/inst/fifo_gen_inst/inst_fifo_gen/gconvfifo.rf/grf.rf/gntv_or_sync_fifo.gl0.wr/wpntr/gcc0.gc0.count_d1_reg[2]/CLR, hdmi_i/axi_mem_intercon/m00_couplers/auto_ds/inst/gen_downsizer.gen_simple_downsizer.axi_downsizer_inst/USE_READ.read_addr_inst/cmd_queue/inst/fifo_gen_inst/inst_fifo_gen/gconvfifo.rf/grf.rf/gntv_or_sync_fifo.gl0.wr/wpntr/gcc0.gc0.count_d1_reg[3]/CLR, hdmi_i/axi_mem_intercon/m00_couplers/auto_ds/inst/gen_downsizer.gen_simple_downsizer.axi_downsizer_inst/USE_READ.read_addr_inst/cmd_queue/inst/fifo_gen_inst/inst_fifo_gen/gconvfifo.rf/grf.rf/gntv_or_sync_fifo.gl0.wr/wpntr/gcc0.gc0.count_d1_reg[4]/CLR, hdmi_i/axi_mem_intercon/m00_couplers/auto_ds/inst/gen_downsizer.gen_simple_downsizer.axi_downsizer_inst/USE_READ.read_addr_inst/cmd_queue/inst/fifo_gen_inst/inst_fifo_gen/gconvfifo.rf/grf.rf/gntv_or_sync_fifo.gl0.wr/wpntr/gcc0.gc0.count_reg[1]/CLR, hdmi_i/axi_mem_intercon/m00_couplers/auto_ds/inst/gen_downsizer.gen_simple_downsizer.axi_downsizer_inst/USE_READ.read_addr_inst/cmd_queue/inst/fifo_gen_inst/inst_fifo_gen/gconvfifo.rf/grf.rf/gntv_or_sync_fifo.gl0.wr/wpntr/gcc0.gc0.count_reg[2]/CLR, hdmi_i/axi_mem_intercon/m00_couplers/auto_ds/inst/gen_downsizer.gen_simple_downsizer.axi_downsizer_inst/USE_READ.read_addr_inst/cmd_queue/inst/fifo_gen_inst/inst_fifo_gen/gconvfifo.rf/grf.rf/gntv_or_sync_fifo.gl0.wr/wpntr/gcc0.gc0.count_reg[3]/CLR, hdmi_i/axi_mem_intercon/m00_couplers/auto_ds/inst/gen_downsizer.gen_simple_downsizer.axi_downsizer_inst/USE_READ.read_addr_inst/cmd_queue/inst/fifo_gen_inst/inst_fifo_gen/gconvfifo.rf/grf.rf/gntv_or_sync_fifo.gl0.wr/wpntr/gcc0.gc0.count_reg[4]/CLR, hdmi_i/axi_mem_intercon/m00_couplers/auto_ds/inst/gen_downsizer.gen_simple_downsizer.axi_downsizer_inst/USE_READ.read_addr_inst/cmd_queue/inst/fifo_gen_inst/inst_fifo_gen/gconvfifo.rf/grf.rf/gntv_or_sync_fifo.gl0.wr/wpntr/gcc0.gc0.count_reg[0]/PRE, hdmi_i/axi_mem_intercon/m00_couplers/auto_ds/inst/gen_downsizer.gen_simple_downsizer.axi_downsizer_inst/USE_READ.read_addr_inst/cmd_queue/inst/fifo_gen_inst/inst_fifo_gen/gconvfifo.rf/grf.rf/gntv_or_sync_fifo.gl0.rd/gr1.gr1_int.rfwft/gpregsm1.curr_fwft_state_reg[0]/CLR, hdmi_i/axi_mem_intercon/m00_couplers/auto_ds/inst/gen_downsizer.gen_simple_downsizer.axi_downsizer_inst/USE_READ.read_addr_inst/cmd_queue/inst/fifo_gen_inst/inst_fifo_gen/gconvfifo.rf/grf.rf/gntv_or_sync_fifo.gl0.rd/gr1.gr1_int.rfwft/gpregsm1.curr_fwft_state_reg[1]/CLR, hdmi_i/axi_mem_intercon/m00_couplers/auto_ds/inst/gen_downsizer.gen_simple_downsizer.axi_downsizer_inst/USE_READ.read_addr_inst/cmd_queue/inst/fifo_gen_inst/inst_fifo_gen/gconvfifo.rf/grf.rf/gntv_or_sync_fifo.gl0.rd/gr1.gr1_int.rfwft/gpregsm1.user_valid_reg/CLR (the first 15 of 32 listed). The LUT may glitch and trigger an unexpected reset, even if it is a properly timed path.
Related violations: <none>

LUTAR-1#6 Warning
LUT drives async reset alert  
LUT cell hdmi_i/axi_mem_intercon/m00_couplers/auto_ds/inst/gen_downsizer.gen_simple_downsizer.axi_downsizer_inst/USE_WRITE.write_addr_inst/USE_B_CHANNEL.cmd_b_queue/inst/fifo_gen_inst/inst_fifo_gen/gconvfifo.rf/grf.rf/rstblk/gc0.count_d1[4]_i_2, with 2 or more inputs, drives asynchronous preset/clear pin(s) hdmi_i/axi_mem_intercon/m00_couplers/auto_ds/inst/gen_downsizer.gen_simple_downsizer.axi_downsizer_inst/USE_WRITE.write_addr_inst/USE_B_CHANNEL.cmd_b_queue/inst/fifo_gen_inst/inst_fifo_gen/gconvfifo.rf/grf.rf/gntv_or_sync_fifo.gl0.wr/gwss.wsts/ram_full_fb_i_reg/CLR, hdmi_i/axi_mem_intercon/m00_couplers/auto_ds/inst/gen_downsizer.gen_simple_downsizer.axi_downsizer_inst/USE_WRITE.write_addr_inst/USE_B_CHANNEL.cmd_b_queue/inst/fifo_gen_inst/inst_fifo_gen/gconvfifo.rf/grf.rf/gntv_or_sync_fifo.gl0.wr/gwss.wsts/ram_full_i_reg/CLR, hdmi_i/axi_mem_intercon/m00_couplers/auto_ds/inst/gen_downsizer.gen_simple_downsizer.axi_downsizer_inst/USE_WRITE.write_addr_inst/USE_B_CHANNEL.cmd_b_queue/inst/fifo_gen_inst/inst_fifo_gen/gconvfifo.rf/grf.rf/gntv_or_sync_fifo.gl0.wr/wpntr/gcc0.gc0.count_d1_reg[0]/CLR, hdmi_i/axi_mem_intercon/m00_couplers/auto_ds/inst/gen_downsizer.gen_simple_downsizer.axi_downsizer_inst/USE_WRITE.write_addr_inst/USE_B_CHANNEL.cmd_b_queue/inst/fifo_gen_inst/inst_fifo_gen/gconvfifo.rf/grf.rf/gntv_or_sync_fifo.gl0.wr/wpntr/gcc0.gc0.count_d1_reg[1]/CLR, hdmi_i/axi_mem_intercon/m00_couplers/auto_ds/inst/gen_downsizer.gen_simple_downsizer.axi_downsizer_inst/USE_WRITE.write_addr_inst/USE_B_CHANNEL.cmd_b_queue/inst/fifo_gen_inst/inst_fifo_gen/gconvfifo.rf/grf.rf/gntv_or_sync_fifo.gl0.wr/wpntr/gcc0.gc0.count_d1_reg[2]/CLR, hdmi_i/axi_mem_intercon/m00_couplers/auto_ds/inst/gen_downsizer.gen_simple_downsizer.axi_downsizer_inst/USE_WRITE.write_addr_inst/USE_B_CHANNEL.cmd_b_queue/inst/fifo_gen_inst/inst_fifo_gen/gconvfifo.rf/grf.rf/gntv_or_sync_fifo.gl0.wr/wpntr/gcc0.gc0.count_d1_reg[3]/CLR, hdmi_i/axi_mem_intercon/m00_couplers/auto_ds/inst/gen_downsizer.gen_simple_downsizer.axi_downsizer_inst/USE_WRITE.write_addr_inst/USE_B_CHANNEL.cmd_b_queue/inst/fifo_gen_inst/inst_fifo_gen/gconvfifo.rf/grf.rf/gntv_or_sync_fifo.gl0.wr/wpntr/gcc0.gc0.count_d1_reg[4]/CLR, hdmi_i/axi_mem_intercon/m00_couplers/auto_ds/inst/gen_downsizer.gen_simple_downsizer.axi_downsizer_inst/USE_WRITE.write_addr_inst/USE_B_CHANNEL.cmd_b_queue/inst/fifo_gen_inst/inst_fifo_gen/gconvfifo.rf/grf.rf/gntv_or_sync_fifo.gl0.wr/wpntr/gcc0.gc0.count_reg[1]/CLR, hdmi_i/axi_mem_intercon/m00_couplers/auto_ds/inst/gen_downsizer.gen_simple_downsizer.axi_downsizer_inst/USE_WRITE.write_addr_inst/USE_B_CHANNEL.cmd_b_queue/inst/fifo_gen_inst/inst_fifo_gen/gconvfifo.rf/grf.rf/gntv_or_sync_fifo.gl0.wr/wpntr/gcc0.gc0.count_reg[2]/CLR, hdmi_i/axi_mem_intercon/m00_couplers/auto_ds/inst/gen_downsizer.gen_simple_downsizer.axi_downsizer_inst/USE_WRITE.write_addr_inst/USE_B_CHANNEL.cmd_b_queue/inst/fifo_gen_inst/inst_fifo_gen/gconvfifo.rf/grf.rf/gntv_or_sync_fifo.gl0.wr/wpntr/gcc0.gc0.count_reg[3]/CLR, hdmi_i/axi_mem_intercon/m00_couplers/auto_ds/inst/gen_downsizer.gen_simple_downsizer.axi_downsizer_inst/USE_WRITE.write_addr_inst/USE_B_CHANNEL.cmd_b_queue/inst/fifo_gen_inst/inst_fifo_gen/gconvfifo.rf/grf.rf/gntv_or_sync_fifo.gl0.wr/wpntr/gcc0.gc0.count_reg[4]/CLR, hdmi_i/axi_mem_intercon/m00_couplers/auto_ds/inst/gen_downsizer.gen_simple_downsizer.axi_downsizer_inst/USE_WRITE.write_addr_inst/USE_B_CHANNEL.cmd_b_queue/inst/fifo_gen_inst/inst_fifo_gen/gconvfifo.rf/grf.rf/gntv_or_sync_fifo.gl0.wr/wpntr/gcc0.gc0.count_reg[0]/PRE, hdmi_i/axi_mem_intercon/m00_couplers/auto_ds/inst/gen_downsizer.gen_simple_downsizer.axi_downsizer_inst/USE_WRITE.write_addr_inst/USE_B_CHANNEL.cmd_b_queue/inst/fifo_gen_inst/inst_fifo_gen/gconvfifo.rf/grf.rf/gntv_or_sync_fifo.gl0.rd/gr1.gr1_int.rfwft/gpregsm1.curr_fwft_state_reg[0]/CLR, hdmi_i/axi_mem_intercon/m00_couplers/auto_ds/inst/gen_downsizer.gen_simple_downsizer.axi_downsizer_inst/USE_WRITE.write_addr_inst/USE_B_CHANNEL.cmd_b_queue/inst/fifo_gen_inst/inst_fifo_gen/gconvfifo.rf/grf.rf/gntv_or_sync_fifo.gl0.rd/gr1.gr1_int.rfwft/gpregsm1.curr_fwft_state_reg[1]/CLR, hdmi_i/axi_mem_intercon/m00_couplers/auto_ds/inst/gen_downsizer.gen_simple_downsizer.axi_downsizer_inst/USE_WRITE.write_addr_inst/USE_B_CHANNEL.cmd_b_queue/inst/fifo_gen_inst/inst_fifo_gen/gconvfifo.rf/grf.rf/gntv_or_sync_fifo.gl0.rd/gr1.gr1_int.rfwft/gpregsm1.user_valid_reg/CLR (the first 15 of 32 listed). The LUT may glitch and trigger an unexpected reset, even if it is a properly timed path.
Related violations: <none>

LUTAR-1#7 Warning
LUT drives async reset alert  
LUT cell hdmi_i/axi_mem_intercon/m00_couplers/auto_ds/inst/gen_downsizer.gen_simple_downsizer.axi_downsizer_inst/USE_WRITE.write_addr_inst/cmd_queue/inst/fifo_gen_inst/inst_fifo_gen/gconvfifo.rf/grf.rf/rstblk/gc0.count_d1[4]_i_2, with 2 or more inputs, drives asynchronous preset/clear pin(s) hdmi_i/axi_mem_intercon/m00_couplers/auto_ds/inst/gen_downsizer.gen_simple_downsizer.axi_downsizer_inst/USE_WRITE.write_addr_inst/cmd_queue/inst/fifo_gen_inst/inst_fifo_gen/gconvfifo.rf/grf.rf/gntv_or_sync_fifo.gl0.wr/gwss.wsts/ram_full_fb_i_reg/CLR, hdmi_i/axi_mem_intercon/m00_couplers/auto_ds/inst/gen_downsizer.gen_simple_downsizer.axi_downsizer_inst/USE_WRITE.write_addr_inst/cmd_queue/inst/fifo_gen_inst/inst_fifo_gen/gconvfifo.rf/grf.rf/gntv_or_sync_fifo.gl0.wr/gwss.wsts/ram_full_i_reg/CLR, hdmi_i/axi_mem_intercon/m00_couplers/auto_ds/inst/gen_downsizer.gen_simple_downsizer.axi_downsizer_inst/USE_WRITE.write_addr_inst/cmd_queue/inst/fifo_gen_inst/inst_fifo_gen/gconvfifo.rf/grf.rf/gntv_or_sync_fifo.gl0.wr/wpntr/gcc0.gc0.count_d1_reg[0]/CLR, hdmi_i/axi_mem_intercon/m00_couplers/auto_ds/inst/gen_downsizer.gen_simple_downsizer.axi_downsizer_inst/USE_WRITE.write_addr_inst/cmd_queue/inst/fifo_gen_inst/inst_fifo_gen/gconvfifo.rf/grf.rf/gntv_or_sync_fifo.gl0.wr/wpntr/gcc0.gc0.count_d1_reg[1]/CLR, hdmi_i/axi_mem_intercon/m00_couplers/auto_ds/inst/gen_downsizer.gen_simple_downsizer.axi_downsizer_inst/USE_WRITE.write_addr_inst/cmd_queue/inst/fifo_gen_inst/inst_fifo_gen/gconvfifo.rf/grf.rf/gntv_or_sync_fifo.gl0.wr/wpntr/gcc0.gc0.count_d1_reg[2]/CLR, hdmi_i/axi_mem_intercon/m00_couplers/auto_ds/inst/gen_downsizer.gen_simple_downsizer.axi_downsizer_inst/USE_WRITE.write_addr_inst/cmd_queue/inst/fifo_gen_inst/inst_fifo_gen/gconvfifo.rf/grf.rf/gntv_or_sync_fifo.gl0.wr/wpntr/gcc0.gc0.count_d1_reg[3]/CLR, hdmi_i/axi_mem_intercon/m00_couplers/auto_ds/inst/gen_downsizer.gen_simple_downsizer.axi_downsizer_inst/USE_WRITE.write_addr_inst/cmd_queue/inst/fifo_gen_inst/inst_fifo_gen/gconvfifo.rf/grf.rf/gntv_or_sync_fifo.gl0.wr/wpntr/gcc0.gc0.count_d1_reg[4]/CLR, hdmi_i/axi_mem_intercon/m00_couplers/auto_ds/inst/gen_downsizer.gen_simple_downsizer.axi_downsizer_inst/USE_WRITE.write_addr_inst/cmd_queue/inst/fifo_gen_inst/inst_fifo_gen/gconvfifo.rf/grf.rf/gntv_or_sync_fifo.gl0.wr/wpntr/gcc0.gc0.count_reg[1]/CLR, hdmi_i/axi_mem_intercon/m00_couplers/auto_ds/inst/gen_downsizer.gen_simple_downsizer.axi_downsizer_inst/USE_WRITE.write_addr_inst/cmd_queue/inst/fifo_gen_inst/inst_fifo_gen/gconvfifo.rf/grf.rf/gntv_or_sync_fifo.gl0.wr/wpntr/gcc0.gc0.count_reg[2]/CLR, hdmi_i/axi_mem_intercon/m00_couplers/auto_ds/inst/gen_downsizer.gen_simple_downsizer.axi_downsizer_inst/USE_WRITE.write_addr_inst/cmd_queue/inst/fifo_gen_inst/inst_fifo_gen/gconvfifo.rf/grf.rf/gntv_or_sync_fifo.gl0.wr/wpntr/gcc0.gc0.count_reg[3]/CLR, hdmi_i/axi_mem_intercon/m00_couplers/auto_ds/inst/gen_downsizer.gen_simple_downsizer.axi_downsizer_inst/USE_WRITE.write_addr_inst/cmd_queue/inst/fifo_gen_inst/inst_fifo_gen/gconvfifo.rf/grf.rf/gntv_or_sync_fifo.gl0.wr/wpntr/gcc0.gc0.count_reg[4]/CLR, hdmi_i/axi_mem_intercon/m00_couplers/auto_ds/inst/gen_downsizer.gen_simple_downsizer.axi_downsizer_inst/USE_WRITE.write_addr_inst/cmd_queue/inst/fifo_gen_inst/inst_fifo_gen/gconvfifo.rf/grf.rf/gntv_or_sync_fifo.gl0.wr/wpntr/gcc0.gc0.count_reg[0]/PRE, hdmi_i/axi_mem_intercon/m00_couplers/auto_ds/inst/gen_downsizer.gen_simple_downsizer.axi_downsizer_inst/USE_WRITE.write_addr_inst/cmd_queue/inst/fifo_gen_inst/inst_fifo_gen/gconvfifo.rf/grf.rf/gntv_or_sync_fifo.gl0.rd/gr1.gr1_int.rfwft/gpregsm1.curr_fwft_state_reg[0]/CLR, hdmi_i/axi_mem_intercon/m00_couplers/auto_ds/inst/gen_downsizer.gen_simple_downsizer.axi_downsizer_inst/USE_WRITE.write_addr_inst/cmd_queue/inst/fifo_gen_inst/inst_fifo_gen/gconvfifo.rf/grf.rf/gntv_or_sync_fifo.gl0.rd/gr1.gr1_int.rfwft/gpregsm1.curr_fwft_state_reg[1]/CLR, hdmi_i/axi_mem_intercon/m00_couplers/auto_ds/inst/gen_downsizer.gen_simple_downsizer.axi_downsizer_inst/USE_WRITE.write_addr_inst/cmd_queue/inst/fifo_gen_inst/inst_fifo_gen/gconvfifo.rf/grf.rf/gntv_or_sync_fifo.gl0.rd/gr1.gr1_int.rfwft/gpregsm1.user_valid_reg/CLR (the first 15 of 32 listed). The LUT may glitch and trigger an unexpected reset, even if it is a properly timed path.
Related violations: <none>

LUTAR-1#8 Warning
LUT drives async reset alert  
LUT cell hdmi_i/axi_vdma_0/U0/GEN_SPRT_FOR_MM2S.MM2S_LINEBUFFER_I/GEN_LINEBUF_NO_SOF.GEN_LINEBUFFER.GEN_ASYNC_FIFO.LB_BUILT_IN.I_LINEBUFFER_FIFO/fg_builtin_fifo_inst/inst_fifo_gen/gconvfifo.rf/gbi.bi/g7ser_birst.rstbt/gf36e1_inst.sngfifo36e1_i_2__2, with 2 or more inputs, drives asynchronous preset/clear pin(s) hdmi_i/axi_vdma_0/U0/GEN_SPRT_FOR_MM2S.MM2S_LINEBUFFER_I/GEN_LINEBUF_NO_SOF.GEN_LINEBUFFER.GEN_ASYNC_FIFO.LB_BUILT_IN.I_LINEBUFFER_FIFO/fg_builtin_fifo_inst/inst_fifo_gen/gconvfifo.rf/gbi.bi/v7_bi_fifo.fblk/gextw[1].gnll_fifo.inst_extd/gonep.inst_prim/gf36e1_inst.sngfifo36e1/RST, hdmi_i/axi_vdma_0/U0/GEN_SPRT_FOR_MM2S.MM2S_LINEBUFFER_I/GEN_LINEBUF_NO_SOF.GEN_LINEBUFFER.GEN_ASYNC_FIFO.LB_BUILT_IN.I_LINEBUFFER_FIFO/fg_builtin_fifo_inst/inst_fifo_gen/gconvfifo.rf/gbi.bi/v7_bi_fifo.fblk/gextw[2].gnll_fifo.inst_extd/gonep.inst_prim/gf36e1_inst.sngfifo36e1/RST, hdmi_i/axi_vdma_0/U0/GEN_SPRT_FOR_MM2S.MM2S_LINEBUFFER_I/GEN_LINEBUF_NO_SOF.GEN_LINEBUFFER.GEN_ASYNC_FIFO.LB_BUILT_IN.I_LINEBUFFER_FIFO/fg_builtin_fifo_inst/inst_fifo_gen/gconvfifo.rf/gbi.bi/v7_bi_fifo.fblk/gextw[3].gnll_fifo.inst_extd/gonep.inst_prim/gf36e1_inst.sngfifo36e1/RST, hdmi_i/axi_vdma_0/U0/GEN_SPRT_FOR_MM2S.MM2S_LINEBUFFER_I/GEN_LINEBUF_NO_SOF.GEN_LINEBUFFER.GEN_ASYNC_FIFO.LB_BUILT_IN.I_LINEBUFFER_FIFO/fg_builtin_fifo_inst/inst_fifo_gen/gconvfifo.rf/gbi.bi/v7_bi_fifo.fblk/gextw[4].gnll_fifo.inst_extd/gonep.inst_prim/gf36e1_inst.sngfifo36e1/RST, hdmi_i/axi_vdma_0/U0/GEN_SPRT_FOR_MM2S.MM2S_LINEBUFFER_I/GEN_LINEBUF_NO_SOF.GEN_LINEBUFFER.GEN_ASYNC_FIFO.LB_BUILT_IN.I_LINEBUFFER_FIFO/fg_builtin_fifo_inst/inst_fifo_gen/gconvfifo.rf/gbi.bi/v7_bi_fifo.fblk/gextw[5].gnll_fifo.inst_extd/gonep.inst_prim/gf36e1_inst.sngfifo36e1/RST. The LUT may glitch and trigger an unexpected reset, even if it is a properly timed path.
Related violations: <none>

LUTAR-1#9 Warning
LUT drives async reset alert  
LUT cell hdmi_i/axi_vdma_0/U0/GEN_SPRT_FOR_S2MM.S2MM_LINEBUFFER_I/GEN_S2MM_FLUSH_SOF_LOGIC.GEN_LINEBUFFER_FLUSH_SOF.GEN_ASYNC_FIFO_FLUSH_SOF.LB_BUILT_IN.I_LINEBUFFER_FIFO/fg_builtin_fifo_inst/inst_fifo_gen/gconvfifo.rf/gbi.bi/g7ser_birst.rstbt/gf36e1_inst.sngfifo36e1_i_2__3, with 2 or more inputs, drives asynchronous preset/clear pin(s) hdmi_i/axi_vdma_0/U0/GEN_SPRT_FOR_S2MM.S2MM_LINEBUFFER_I/GEN_S2MM_FLUSH_SOF_LOGIC.GEN_LINEBUFFER_FLUSH_SOF.GEN_ASYNC_FIFO_FLUSH_SOF.LB_BUILT_IN.I_LINEBUFFER_FIFO/fg_builtin_fifo_inst/inst_fifo_gen/gconvfifo.rf/gbi.bi/v7_bi_fifo.fblk/gextw[1].gnll_fifo.inst_extd/gonep.inst_prim/gf36e1_inst.sngfifo36e1/RST, hdmi_i/axi_vdma_0/U0/GEN_SPRT_FOR_S2MM.S2MM_LINEBUFFER_I/GEN_S2MM_FLUSH_SOF_LOGIC.GEN_LINEBUFFER_FLUSH_SOF.GEN_ASYNC_FIFO_FLUSH_SOF.LB_BUILT_IN.I_LINEBUFFER_FIFO/fg_builtin_fifo_inst/inst_fifo_gen/gconvfifo.rf/gbi.bi/v7_bi_fifo.fblk/gextw[2].gnll_fifo.inst_extd/gonep.inst_prim/gf36e1_inst.sngfifo36e1/RST, hdmi_i/axi_vdma_0/U0/GEN_SPRT_FOR_S2MM.S2MM_LINEBUFFER_I/GEN_S2MM_FLUSH_SOF_LOGIC.GEN_LINEBUFFER_FLUSH_SOF.GEN_ASYNC_FIFO_FLUSH_SOF.LB_BUILT_IN.I_LINEBUFFER_FIFO/fg_builtin_fifo_inst/inst_fifo_gen/gconvfifo.rf/gbi.bi/v7_bi_fifo.fblk/gextw[3].gnll_fifo.inst_extd/gonep.inst_prim/gf36e1_inst.sngfifo36e1/RST, hdmi_i/axi_vdma_0/U0/GEN_SPRT_FOR_S2MM.S2MM_LINEBUFFER_I/GEN_S2MM_FLUSH_SOF_LOGIC.GEN_LINEBUFFER_FLUSH_SOF.GEN_ASYNC_FIFO_FLUSH_SOF.LB_BUILT_IN.I_LINEBUFFER_FIFO/fg_builtin_fifo_inst/inst_fifo_gen/gconvfifo.rf/gbi.bi/v7_bi_fifo.fblk/gextw[4].gnll_fifo.inst_extd/gonep.inst_prim/gf36e1_inst.sngfifo36e1/RST, hdmi_i/axi_vdma_0/U0/GEN_SPRT_FOR_S2MM.S2MM_LINEBUFFER_I/GEN_S2MM_FLUSH_SOF_LOGIC.GEN_LINEBUFFER_FLUSH_SOF.GEN_ASYNC_FIFO_FLUSH_SOF.LB_BUILT_IN.I_LINEBUFFER_FIFO/fg_builtin_fifo_inst/inst_fifo_gen/gconvfifo.rf/gbi.bi/v7_bi_fifo.fblk/gextw[5].gnll_fifo.inst_extd/gonep.inst_prim/gf36e1_inst.sngfifo36e1/RST. The LUT may glitch and trigger an unexpected reset, even if it is a properly timed path.
Related violations: <none>

LUTAR-1#10 Warning
LUT drives async reset alert  
LUT cell hdmi_i/mdm_1/U0/MDM_Core_I1/JTAG_CONTROL_I/sel_n_i_2, with 2 or more inputs, drives asynchronous preset/clear pin(s) hdmi_i/mdm_1/U0/MDM_Core_I1/JTAG_CONTROL_I/sel_n_reg/PRE. The LUT may glitch and trigger an unexpected reset, even if it is a properly timed path.
Related violations: <none>

LUTAR-1#11 Warning
LUT drives async reset alert  
LUT cell hdmi_i/mig_7series_0/u_hdmi_mig_7series_0_0_mig/u_iodelay_ctrl/rstdiv2_sync_r[11]_i_1, with 2 or more inputs, drives asynchronous preset/clear pin(s) hdmi_i/mig_7series_0/u_hdmi_mig_7series_0_0_mig/u_ddr3_infrastructure/rstdiv0_sync_r1_reg_rep/PRE, hdmi_i/mig_7series_0/u_hdmi_mig_7series_0_0_mig/u_ddr3_infrastructure/rstdiv0_sync_r1_reg_rep__0/PRE, hdmi_i/mig_7series_0/u_hdmi_mig_7series_0_0_mig/u_ddr3_infrastructure/rstdiv0_sync_r1_reg_rep__1/PRE, hdmi_i/mig_7series_0/u_hdmi_mig_7series_0_0_mig/u_ddr3_infrastructure/rstdiv0_sync_r1_reg_rep__10/PRE, hdmi_i/mig_7series_0/u_hdmi_mig_7series_0_0_mig/u_ddr3_infrastructure/rstdiv0_sync_r1_reg_rep__11/PRE, hdmi_i/mig_7series_0/u_hdmi_mig_7series_0_0_mig/u_ddr3_infrastructure/rstdiv0_sync_r1_reg_rep__12/PRE, hdmi_i/mig_7series_0/u_hdmi_mig_7series_0_0_mig/u_ddr3_infrastructure/rstdiv0_sync_r1_reg_rep__13/PRE, hdmi_i/mig_7series_0/u_hdmi_mig_7series_0_0_mig/u_ddr3_infrastructure/rstdiv0_sync_r1_reg_rep__14/PRE, hdmi_i/mig_7series_0/u_hdmi_mig_7series_0_0_mig/u_ddr3_infrastructure/rstdiv0_sync_r1_reg_rep__15/PRE, hdmi_i/mig_7series_0/u_hdmi_mig_7series_0_0_mig/u_ddr3_infrastructure/rstdiv0_sync_r1_reg_rep__16/PRE, hdmi_i/mig_7series_0/u_hdmi_mig_7series_0_0_mig/u_ddr3_infrastructure/rstdiv0_sync_r1_reg_rep__17/PRE, hdmi_i/mig_7series_0/u_hdmi_mig_7series_0_0_mig/u_ddr3_infrastructure/rstdiv0_sync_r1_reg_rep__18/PRE, hdmi_i/mig_7series_0/u_hdmi_mig_7series_0_0_mig/u_ddr3_infrastructure/rstdiv0_sync_r1_reg_rep__19/PRE, hdmi_i/mig_7series_0/u_hdmi_mig_7series_0_0_mig/u_ddr3_infrastructure/rstdiv0_sync_r1_reg_rep__2/PRE, hdmi_i/mig_7series_0/u_hdmi_mig_7series_0_0_mig/u_ddr3_infrastructure/rstdiv0_sync_r1_reg_rep__20/PRE (the first 15 of 35 listed). The LUT may glitch and trigger an unexpected reset, even if it is a properly timed path.
Related violations: <none>

PDRC-190#1 Warning
Suboptimally placed synchronized register chain  
The FDCE cell hdmi_i/axi_ethernet_0/inst/mac/inst/tri_mode_ethernet_mac_i/bd_e87d_mac_0_core/man_reset.sync_glbl_rstn_bus2ip_clk/async_rst4_reg in site SLICE_X55Y107 is part of a synchronized register chain that is suboptimally placed as the load FDRE cell hdmi_i/axi_ethernet_0/inst/mac/inst/tri_mode_ethernet_mac_i/bd_e87d_mac_0_core/man_reset.sync_glbl_rstn_bus2ip_clk/sync_rst0_reg is not placed in the same (SLICE) site.
Related violations: <none>

PDRC-190#2 Warning
Suboptimally placed synchronized register chain  
The FDCE cell hdmi_i/axi_ethernet_0/inst/mac/inst/tri_mode_ethernet_mac_i/bd_e87d_mac_0_core/sync_axi_rx_rstn_rx_clk/async_rst4_reg in site SLICE_X52Y95 is part of a synchronized register chain that is suboptimally placed as the load FDRE cell hdmi_i/axi_ethernet_0/inst/mac/inst/tri_mode_ethernet_mac_i/bd_e87d_mac_0_core/sync_axi_rx_rstn_rx_clk/sync_rst0_reg is not placed in the same (SLICE) site.
Related violations: <none>

PDRC-190#3 Warning
Suboptimally placed synchronized register chain  
The FDCE cell hdmi_i/axi_ethernet_0/inst/mac/inst/tri_mode_ethernet_mac_i/bd_e87d_mac_0_core/sync_glbl_rstn_rx_clk/async_rst4_reg in site SLICE_X54Y95 is part of a synchronized register chain that is suboptimally placed as the load FDRE cell hdmi_i/axi_ethernet_0/inst/mac/inst/tri_mode_ethernet_mac_i/bd_e87d_mac_0_core/sync_glbl_rstn_rx_clk/sync_rst0_reg is not placed in the same (SLICE) site.
Related violations: <none>

PDRC-190#4 Warning
Suboptimally placed synchronized register chain  
The FDCE cell hdmi_i/axi_ethernet_0/inst/mac/inst/tri_mode_ethernet_mac_i/bd_e87d_mac_0_core/sync_glbl_rstn_tx_clk/async_rst4_reg in site SLICE_X55Y103 is part of a synchronized register chain that is suboptimally placed as the load FDRE cell hdmi_i/axi_ethernet_0/inst/mac/inst/tri_mode_ethernet_mac_i/bd_e87d_mac_0_core/sync_glbl_rstn_tx_clk/sync_rst0_reg is not placed in the same (SLICE) site.
Related violations: <none>

PDRC-190#5 Warning
Suboptimally placed synchronized register chain  
The FDCE cell hdmi_i/axi_ethernet_0/inst/mac/inst/tri_mode_ethernet_mac_i/bd_e87d_mac_0_core/sync_tx_axi_rstn_tx_clk/async_rst4_reg in site SLICE_X53Y105 is part of a synchronized register chain that is suboptimally placed as the load FDRE cell hdmi_i/axi_ethernet_0/inst/mac/inst/tri_mode_ethernet_mac_i/bd_e87d_mac_0_core/sync_tx_axi_rstn_tx_clk/sync_rst0_reg is not placed in the same (SLICE) site.
Related violations: <none>

PDRC-190#6 Warning
Suboptimally placed synchronized register chain  
The FDPE cell hdmi_i/axi_ethernet_0/inst/mac/inst/tri_mode_ethernet_mac_i/bd_e87d_mac_0_core/man_reset.sync_bus2ip_reset_bus2ip_clk/async_rst4_reg in site SLICE_X56Y108 is part of a synchronized register chain that is suboptimally placed as the load FDRE cell hdmi_i/axi_ethernet_0/inst/mac/inst/tri_mode_ethernet_mac_i/bd_e87d_mac_0_core/man_reset.sync_bus2ip_reset_bus2ip_clk/sync_rst0_reg is not placed in the same (SLICE) site.
Related violations: <none>

PDRC-190#7 Warning
Suboptimally placed synchronized register chain  
The FDPE cell hdmi_i/axi_ethernet_0/inst/mac/inst/tri_mode_ethernet_mac_i/bd_e87d_mac_0_core/sync_int_rx_rst_mgmt_rx_clk/async_rst4_reg in site SLICE_X73Y97 is part of a synchronized register chain that is suboptimally placed as the load FDRE cell hdmi_i/axi_ethernet_0/inst/mac/inst/tri_mode_ethernet_mac_i/bd_e87d_mac_0_core/sync_int_rx_rst_mgmt_rx_clk/sync_rst0_reg is not placed in the same (SLICE) site.
Related violations: <none>

PDRC-190#8 Warning
Suboptimally placed synchronized register chain  
The FDPE cell hdmi_i/axi_ethernet_0/inst/mac/inst/tri_mode_ethernet_mac_i/bd_e87d_mac_0_core/sync_int_tx_rst_mgmt_tx_clk/async_rst4_reg in site SLICE_X75Y103 is part of a synchronized register chain that is suboptimally placed as the load FDRE cell hdmi_i/axi_ethernet_0/inst/mac/inst/tri_mode_ethernet_mac_i/bd_e87d_mac_0_core/sync_int_tx_rst_mgmt_tx_clk/sync_rst0_reg is not placed in the same (SLICE) site.
Related violations: <none>

PDRC-190#9 Warning
Suboptimally placed synchronized register chain  
The FDPE cell hdmi_i/axi_ethernet_0/inst/mac/inst/tri_mode_ethernet_mac_i/bd_e87d_mac_0_core/sync_stats_reset/async_rst4_reg in site SLICE_X49Y97 is part of a synchronized register chain that is suboptimally placed as the load FDRE cell hdmi_i/axi_ethernet_0/inst/mac/inst/tri_mode_ethernet_mac_i/bd_e87d_mac_0_core/sync_stats_reset/sync_rst0_reg is not placed in the same (SLICE) site.
Related violations: <none>

PDRC-190#10 Warning
Suboptimally placed synchronized register chain  
The FDRE cell hdmi_i/axi_ethernet_0/inst/mac/inst/tri_mode_ethernet_mac_i/bd_e87d_mac_0_core/man_reset.sync_bus2ip_reset_bus2ip_clk/sync_rst0_reg in site SLICE_X56Y109 is part of a synchronized register chain that is suboptimally placed as the load FDSE cell hdmi_i/axi_ethernet_0/inst/mac/inst/tri_mode_ethernet_mac_i/bd_e87d_mac_0_core/man_reset.sync_bus2ip_reset_bus2ip_clk/sync_rst1_reg is not placed in the same (SLICE) site.
Related violations: <none>

PDRC-190#11 Warning
Suboptimally placed synchronized register chain  
The FDRE cell hdmi_i/axi_ethernet_0/inst/mac/inst/tri_mode_ethernet_mac_i/bd_e87d_mac_0_core/man_reset.sync_glbl_rstn_bus2ip_clk/sync_rst0_reg in site SLICE_X55Y108 is part of a synchronized register chain that is suboptimally placed as the load FDRE cell hdmi_i/axi_ethernet_0/inst/mac/inst/tri_mode_ethernet_mac_i/bd_e87d_mac_0_core/man_reset.sync_glbl_rstn_bus2ip_clk/sync_rst1_reg is not placed in the same (SLICE) site.
Related violations: <none>

PDRC-190#12 Warning
Suboptimally placed synchronized register chain  
The FDRE cell hdmi_i/axi_ethernet_0/inst/mac/inst/tri_mode_ethernet_mac_i/bd_e87d_mac_0_core/stats_block.statistics_counters/rx_byte_counter/SYNC_STATS_RESET/sync_rst0_reg in site SLICE_X65Y92 is part of a synchronized register chain that is suboptimally placed as the load FDSE cell hdmi_i/axi_ethernet_0/inst/mac/inst/tri_mode_ethernet_mac_i/bd_e87d_mac_0_core/stats_block.statistics_counters/rx_byte_counter/SYNC_STATS_RESET/sync_rst1_reg is not placed in the same (SLICE) site.
Related violations: <none>

PDRC-190#13 Warning
Suboptimally placed synchronized register chain  
The FDRE cell hdmi_i/axi_ethernet_0/inst/mac/inst/tri_mode_ethernet_mac_i/bd_e87d_mac_0_core/stats_block.statistics_counters/rx_fragment_counter/SYNC_STATS_RESET/sync_rst0_reg in site SLICE_X63Y96 is part of a synchronized register chain that is suboptimally placed as the load FDSE cell hdmi_i/axi_ethernet_0/inst/mac/inst/tri_mode_ethernet_mac_i/bd_e87d_mac_0_core/stats_block.statistics_counters/rx_fragment_counter/SYNC_STATS_RESET/sync_rst1_reg is not placed in the same (SLICE) site.
Related violations: <none>

PDRC-190#14 Warning
Suboptimally placed synchronized register chain  
The FDRE cell hdmi_i/axi_ethernet_0/inst/mac/inst/tri_mode_ethernet_mac_i/bd_e87d_mac_0_core/stats_block.statistics_counters/rx_undersized_counter/SYNC_STATS_RESET/sync_rst0_reg in site SLICE_X60Y95 is part of a synchronized register chain that is suboptimally placed as the load FDSE cell hdmi_i/axi_ethernet_0/inst/mac/inst/tri_mode_ethernet_mac_i/bd_e87d_mac_0_core/stats_block.statistics_counters/rx_undersized_counter/SYNC_STATS_RESET/sync_rst1_reg is not placed in the same (SLICE) site.
Related violations: <none>

PDRC-190#15 Warning
Suboptimally placed synchronized register chain  
The FDRE cell hdmi_i/axi_ethernet_0/inst/mac/inst/tri_mode_ethernet_mac_i/bd_e87d_mac_0_core/stats_block.statistics_counters/tx_byte_counter/SYNC_STATS_RESET/sync_rst0_reg in site SLICE_X51Y97 is part of a synchronized register chain that is suboptimally placed as the load FDSE cell hdmi_i/axi_ethernet_0/inst/mac/inst/tri_mode_ethernet_mac_i/bd_e87d_mac_0_core/stats_block.statistics_counters/tx_byte_counter/SYNC_STATS_RESET/sync_rst1_reg is not placed in the same (SLICE) site.
Related violations: <none>

PDRC-190#16 Warning
Suboptimally placed synchronized register chain  
The FDRE cell hdmi_i/axi_ethernet_0/inst/mac/inst/tri_mode_ethernet_mac_i/bd_e87d_mac_0_core/sync_axi_rx_rstn_rx_clk/sync_rst0_reg in site SLICE_X52Y96 is part of a synchronized register chain that is suboptimally placed as the load FDRE cell hdmi_i/axi_ethernet_0/inst/mac/inst/tri_mode_ethernet_mac_i/bd_e87d_mac_0_core/sync_axi_rx_rstn_rx_clk/sync_rst1_reg is not placed in the same (SLICE) site.
Related violations: <none>

PDRC-190#17 Warning
Suboptimally placed synchronized register chain  
The FDRE cell hdmi_i/axi_ethernet_0/inst/mac/inst/tri_mode_ethernet_mac_i/bd_e87d_mac_0_core/sync_glbl_rstn_rx_clk/sync_rst0_reg in site SLICE_X54Y96 is part of a synchronized register chain that is suboptimally placed as the load FDRE cell hdmi_i/axi_ethernet_0/inst/mac/inst/tri_mode_ethernet_mac_i/bd_e87d_mac_0_core/sync_glbl_rstn_rx_clk/sync_rst1_reg is not placed in the same (SLICE) site.
Related violations: <none>

PDRC-190#18 Warning
Suboptimally placed synchronized register chain  
The FDRE cell hdmi_i/axi_ethernet_0/inst/mac/inst/tri_mode_ethernet_mac_i/bd_e87d_mac_0_core/sync_glbl_rstn_tx_clk/sync_rst0_reg in site SLICE_X55Y104 is part of a synchronized register chain that is suboptimally placed as the load FDRE cell hdmi_i/axi_ethernet_0/inst/mac/inst/tri_mode_ethernet_mac_i/bd_e87d_mac_0_core/sync_glbl_rstn_tx_clk/sync_rst1_reg is not placed in the same (SLICE) site.
Related violations: <none>

PDRC-190#19 Warning
Suboptimally placed synchronized register chain  
The FDRE cell hdmi_i/axi_ethernet_0/inst/mac/inst/tri_mode_ethernet_mac_i/bd_e87d_mac_0_core/sync_int_rx_rst_mgmt_rx_clk/sync_rst0_reg in site SLICE_X73Y98 is part of a synchronized register chain that is suboptimally placed as the load FDSE cell hdmi_i/axi_ethernet_0/inst/mac/inst/tri_mode_ethernet_mac_i/bd_e87d_mac_0_core/sync_int_rx_rst_mgmt_rx_clk/sync_rst1_reg is not placed in the same (SLICE) site.
Related violations: <none>

PDRC-190#20 Warning
Suboptimally placed synchronized register chain  
The FDRE cell hdmi_i/axi_ethernet_0/inst/mac/inst/tri_mode_ethernet_mac_i/bd_e87d_mac_0_core/sync_int_tx_rst_mgmt_tx_clk/sync_rst0_reg in site SLICE_X75Y104 is part of a synchronized register chain that is suboptimally placed as the load FDSE cell hdmi_i/axi_ethernet_0/inst/mac/inst/tri_mode_ethernet_mac_i/bd_e87d_mac_0_core/sync_int_tx_rst_mgmt_tx_clk/sync_rst1_reg is not placed in the same (SLICE) site.
Related violations: <none>

PDRC-190#21 Warning
Suboptimally placed synchronized register chain  
The FDRE cell hdmi_i/axi_ethernet_0/inst/mac/inst/tri_mode_ethernet_mac_i/bd_e87d_mac_0_core/sync_stats_reset/sync_rst0_reg in site SLICE_X49Y98 is part of a synchronized register chain that is suboptimally placed as the load FDSE cell hdmi_i/axi_ethernet_0/inst/mac/inst/tri_mode_ethernet_mac_i/bd_e87d_mac_0_core/sync_stats_reset/sync_rst1_reg is not placed in the same (SLICE) site.
Related violations: <none>

PDRC-190#22 Warning
Suboptimally placed synchronized register chain  
The FDRE cell hdmi_i/axi_ethernet_0/inst/mac/inst/tri_mode_ethernet_mac_i/bd_e87d_mac_0_core/sync_tx_axi_rstn_tx_clk/sync_rst0_reg in site SLICE_X53Y106 is part of a synchronized register chain that is suboptimally placed as the load FDRE cell hdmi_i/axi_ethernet_0/inst/mac/inst/tri_mode_ethernet_mac_i/bd_e87d_mac_0_core/sync_tx_axi_rstn_tx_clk/sync_rst1_reg is not placed in the same (SLICE) site.
Related violations: <none>

PDRC-190#23 Warning
Suboptimally placed synchronized register chain  
The FDRE cell hdmi_i/axi_ethernet_0_dma/U0/INCLUDE_S2MM_SOF_EOF_GENERATOR.I_S2MM_DMA_MNGR/GEN_S2MM_DMA_CONTROL.GEN_STS_STREAM.I_S2MM_STS_STREAM/GEN_ASYNC_FIFO.GEN_STS_APP_LENGTH.P2S_CLK_CROSS/GENERATE_LEVEL_P_S_CDC.SINGLE_BIT.CROSS_PLEVEL_IN2SCNDRY_s_level_out_d4 in site SLICE_X66Y129 is part of a synchronized register chain that is suboptimally placed as the load FDRE cell hdmi_i/axi_ethernet_0_dma/U0/INCLUDE_S2MM_SOF_EOF_GENERATOR.I_S2MM_DMA_MNGR/GEN_S2MM_DMA_CONTROL.GEN_STS_STREAM.I_S2MM_STS_STREAM/GEN_ASYNC_FIFO.GEN_STS_APP_LENGTH.SYNC_RXLENGTH/GENERATE_LEVEL_P_S_CDC.SINGLE_BIT.CROSS_PLEVEL_IN2SCNDRY_IN_cdc_to is not placed in the same (SLICE) site.
Related violations: <none>

PDRC-190#24 Warning
Suboptimally placed synchronized register chain  
The FDRE cell hdmi_i/axi_vdma_0/U0/AXI_LITE_REG_INTERFACE_I/GEN_MM2S_LITE_CROSSINGS.GEN_MM2S_CROSSINGS_ASYNC.MM2S_INTRPT_CROSSING_I/GENERATE_LEVEL_P_S_CDC.SINGLE_BIT.CROSS_PLEVEL_IN2SCNDRY_s_level_out_d3 in site SLICE_X89Y110 is part of a synchronized register chain that is suboptimally placed as the load FDRE cell hdmi_i/microblaze_0_axi_intc/U0/INTC_CORE_I/INTR_DETECT_GEN[1].ASYNC_GEN.intr_ff_reg[0] is not placed in the same (SLICE) site.
Related violations: <none>

PDRC-190#25 Warning
Suboptimally placed synchronized register chain  
The FDRE cell hdmi_i/axi_vdma_0/U0/AXI_LITE_REG_INTERFACE_I/GEN_S2MM_LITE_CROSSINGS.GEN_S2MM_CROSSINGS_ASYNC.S2MM_INTRPT_CROSSING_I/GENERATE_LEVEL_P_S_CDC.SINGLE_BIT.CROSS_PLEVEL_IN2SCNDRY_s_level_out_d3 in site SLICE_X94Y111 is part of a synchronized register chain that is suboptimally placed as the load FDRE cell hdmi_i/microblaze_0_axi_intc/U0/INTC_CORE_I/INTR_DETECT_GEN[0].ASYNC_GEN.intr_ff_reg[0] is not placed in the same (SLICE) site.
Related violations: <none>

PDRC-190#26 Warning
Suboptimally placed synchronized register chain  
The FDRE cell hdmi_i/axi_vdma_1/U0/AXI_LITE_REG_INTERFACE_I/GEN_MM2S_LITE_CROSSINGS.GEN_MM2S_CROSSINGS_ASYNC.MM2S_INTRPT_CROSSING_I/GENERATE_LEVEL_P_S_CDC.SINGLE_BIT.CROSS_PLEVEL_IN2SCNDRY_s_level_out_d3 in site SLICE_X86Y131 is part of a synchronized register chain that is suboptimally placed as the load FDRE cell hdmi_i/microblaze_0_axi_intc/U0/INTC_CORE_I/INTR_DETECT_GEN[10].ASYNC_GEN.intr_ff_reg[0] is not placed in the same (SLICE) site.
Related violations: <none>

PDRC-190#27 Warning
Suboptimally placed synchronized register chain  
The FDRE cell hdmi_i/axi_vdma_1/U0/AXI_LITE_REG_INTERFACE_I/GEN_S2MM_LITE_CROSSINGS.GEN_S2MM_CROSSINGS_ASYNC.S2MM_INTRPT_CROSSING_I/GENERATE_LEVEL_P_S_CDC.SINGLE_BIT.CROSS_PLEVEL_IN2SCNDRY_s_level_out_d3 in site SLICE_X87Y128 is part of a synchronized register chain that is suboptimally placed as the load FDRE cell hdmi_i/microblaze_0_axi_intc/U0/INTC_CORE_I/INTR_DETECT_GEN[11].ASYNC_GEN.intr_ff_reg[0] is not placed in the same (SLICE) site.
Related violations: <none>

PDRC-190#28 Warning
Suboptimally placed synchronized register chain  
The FDRE cell hdmi_i/mig_7series_0/u_hdmi_mig_7series_0_0_mig/temp_mon_enabled.u_tempmon/device_temp_sync_r5_reg[0] in site SLICE_X102Y184 is part of a synchronized register chain that is suboptimally placed as the load FDRE cell hdmi_i/mig_7series_0/u_hdmi_mig_7series_0_0_mig/temp_mon_enabled.u_tempmon/device_temp_r_reg[0] is not placed in the same (SLICE) site.
Related violations: <none>

PDRC-190#29 Warning
Suboptimally placed synchronized register chain  
The FDRE cell hdmi_i/mig_7series_0/u_hdmi_mig_7series_0_0_mig/temp_mon_enabled.u_tempmon/device_temp_sync_r5_reg[10] in site SLICE_X103Y183 is part of a synchronized register chain that is suboptimally placed as the load FDRE cell hdmi_i/mig_7series_0/u_hdmi_mig_7series_0_0_mig/temp_mon_enabled.u_tempmon/device_temp_r_reg[10] is not placed in the same (SLICE) site.
Related violations: <none>

PDRC-190#30 Warning
Suboptimally placed synchronized register chain  
The FDRE cell hdmi_i/mig_7series_0/u_hdmi_mig_7series_0_0_mig/temp_mon_enabled.u_tempmon/device_temp_sync_r5_reg[11] in site SLICE_X101Y181 is part of a synchronized register chain that is suboptimally placed as the load FDRE cell hdmi_i/mig_7series_0/u_hdmi_mig_7series_0_0_mig/temp_mon_enabled.u_tempmon/device_temp_r_reg[11] is not placed in the same (SLICE) site.
Related violations: <none>

PDRC-190#31 Warning
Suboptimally placed synchronized register chain  
The FDRE cell hdmi_i/mig_7series_0/u_hdmi_mig_7series_0_0_mig/temp_mon_enabled.u_tempmon/device_temp_sync_r5_reg[1] in site SLICE_X103Y185 is part of a synchronized register chain that is suboptimally placed as the load FDRE cell hdmi_i/mig_7series_0/u_hdmi_mig_7series_0_0_mig/temp_mon_enabled.u_tempmon/device_temp_r_reg[1] is not placed in the same (SLICE) site.
Related violations: <none>

PDRC-190#32 Warning
Suboptimally placed synchronized register chain  
The FDRE cell hdmi_i/mig_7series_0/u_hdmi_mig_7series_0_0_mig/temp_mon_enabled.u_tempmon/device_temp_sync_r5_reg[2] in site SLICE_X101Y185 is part of a synchronized register chain that is suboptimally placed as the load FDRE cell hdmi_i/mig_7series_0/u_hdmi_mig_7series_0_0_mig/temp_mon_enabled.u_tempmon/device_temp_r_reg[2] is not placed in the same (SLICE) site.
Related violations: <none>

PDRC-190#33 Warning
Suboptimally placed synchronized register chain  
The FDRE cell hdmi_i/mig_7series_0/u_hdmi_mig_7series_0_0_mig/temp_mon_enabled.u_tempmon/device_temp_sync_r5_reg[3] in site SLICE_X100Y183 is part of a synchronized register chain that is suboptimally placed as the load FDRE cell hdmi_i/mig_7series_0/u_hdmi_mig_7series_0_0_mig/temp_mon_enabled.u_tempmon/device_temp_r_reg[3] is not placed in the same (SLICE) site.
Related violations: <none>

PDRC-190#34 Warning
Suboptimally placed synchronized register chain  
The FDRE cell hdmi_i/mig_7series_0/u_hdmi_mig_7series_0_0_mig/temp_mon_enabled.u_tempmon/device_temp_sync_r5_reg[4] in site SLICE_X103Y181 is part of a synchronized register chain that is suboptimally placed as the load FDRE cell hdmi_i/mig_7series_0/u_hdmi_mig_7series_0_0_mig/temp_mon_enabled.u_tempmon/device_temp_r_reg[4] is not placed in the same (SLICE) site.
Related violations: <none>

PDRC-190#35 Warning
Suboptimally placed synchronized register chain  
The FDRE cell hdmi_i/mig_7series_0/u_hdmi_mig_7series_0_0_mig/temp_mon_enabled.u_tempmon/device_temp_sync_r5_reg[5] in site SLICE_X104Y183 is part of a synchronized register chain that is suboptimally placed as the load FDRE cell hdmi_i/mig_7series_0/u_hdmi_mig_7series_0_0_mig/temp_mon_enabled.u_tempmon/device_temp_r_reg[5] is not placed in the same (SLICE) site.
Related violations: <none>

PDRC-190#36 Warning
Suboptimally placed synchronized register chain  
The FDRE cell hdmi_i/mig_7series_0/u_hdmi_mig_7series_0_0_mig/temp_mon_enabled.u_tempmon/device_temp_sync_r5_reg[6] in site SLICE_X102Y181 is part of a synchronized register chain that is suboptimally placed as the load FDRE cell hdmi_i/mig_7series_0/u_hdmi_mig_7series_0_0_mig/temp_mon_enabled.u_tempmon/device_temp_r_reg[6] is not placed in the same (SLICE) site.
Related violations: <none>

PDRC-190#37 Warning
Suboptimally placed synchronized register chain  
The FDRE cell hdmi_i/mig_7series_0/u_hdmi_mig_7series_0_0_mig/temp_mon_enabled.u_tempmon/device_temp_sync_r5_reg[7] in site SLICE_X100Y185 is part of a synchronized register chain that is suboptimally placed as the load FDRE cell hdmi_i/mig_7series_0/u_hdmi_mig_7series_0_0_mig/temp_mon_enabled.u_tempmon/device_temp_r_reg[7] is not placed in the same (SLICE) site.
Related violations: <none>

PDRC-190#38 Warning
Suboptimally placed synchronized register chain  
The FDRE cell hdmi_i/mig_7series_0/u_hdmi_mig_7series_0_0_mig/temp_mon_enabled.u_tempmon/device_temp_sync_r5_reg[8] in site SLICE_X101Y183 is part of a synchronized register chain that is suboptimally placed as the load FDRE cell hdmi_i/mig_7series_0/u_hdmi_mig_7series_0_0_mig/temp_mon_enabled.u_tempmon/device_temp_r_reg[8] is not placed in the same (SLICE) site.
Related violations: <none>

PDRC-190#39 Warning
Suboptimally placed synchronized register chain  
The FDRE cell hdmi_i/mig_7series_0/u_hdmi_mig_7series_0_0_mig/temp_mon_enabled.u_tempmon/device_temp_sync_r5_reg[9] in site SLICE_X100Y181 is part of a synchronized register chain that is suboptimally placed as the load FDRE cell hdmi_i/mig_7series_0/u_hdmi_mig_7series_0_0_mig/temp_mon_enabled.u_tempmon/device_temp_r_reg[9] is not placed in the same (SLICE) site.
Related violations: <none>

TIMING-4#1 Warning
Invalid primary clock redefinition on a clock tree  
Invalid clock redefinition on a clock tree. The primary clock hdmi_i/clk_wiz_0/inst/clk_in1 is defined downstream of clock clk_pll_i and overrides its insertion delay and/or waveform definition
Related violations: <none>

TIMING-6#1 Warning
No common primary clock between related clocks  
The clocks clk_pll_i and clk_out1_hdmi_clk_wiz_0_0 are related (timed together) but they have no common primary clock. The design could fail in hardware. To find a timing path between these clocks, run the following command: report_timing -from [get_clocks clk_pll_i] -to [get_clocks clk_out1_hdmi_clk_wiz_0_0]
Related violations: <none>

TIMING-6#2 Warning
No common primary clock between related clocks  
The clocks mmcm_clkout1 and dvi2rgb_0_PixelClk are related (timed together) but they have no common primary clock. The design could fail in hardware. To find a timing path between these clocks, run the following command: report_timing -from [get_clocks mmcm_clkout1] -to [get_clocks dvi2rgb_0_PixelClk]
Related violations: <none>

TIMING-7#1 Warning
No common node between related clocks  
The clocks clk_pll_i and clk_out1_hdmi_clk_wiz_0_0 are related (timed together) but they have no common node. The design could fail in hardware. To find a timing path between these clocks, run the following command: report_timing -from [get_clocks clk_pll_i] -to [get_clocks clk_out1_hdmi_clk_wiz_0_0]
Related violations: <none>

TIMING-7#2 Warning
No common node between related clocks  
The clocks mmcm_clkout1 and dvi2rgb_0_PixelClk are related (timed together) but they have no common node. The design could fail in hardware. To find a timing path between these clocks, run the following command: report_timing -from [get_clocks mmcm_clkout1] -to [get_clocks dvi2rgb_0_PixelClk]
Related violations: <none>

TIMING-9#1 Warning
Unknown CDC Logic  
One or more asynchronous Clock Domain Crossing has been detected between 2 clock domains through a set_false_path or a set_clock_groups or set_max_delay -datapath_only constraint but no double-registers logic synchronizer has been found on the side of the capture clock. It is recommended to run report_cdc for a complete and detailed CDC coverage. Please consider using XPM_CDC to avoid Critical severities
Related violations: <none>

TIMING-10#1 Warning
Missing property on synchronizer  
One or more logic synchronizer has been detected between 2 clock domains but the synchronizer does not have the property ASYNC_REG defined on one or both registers. It is recommended to run report_cdc for a complete and detailed CDC coverage
Related violations: <none>

TIMING-18#1 Warning
Missing input or output delay  
An input delay is missing on bt_rx relative to clock(s) sys_clk_i
Related violations: <none>

TIMING-18#2 Warning
Missing input or output delay  
An input delay is missing on eth_mdio_mdc_mdio_io relative to clock(s) sys_clk_i
Related violations: <none>

TIMING-18#3 Warning
Missing input or output delay  
An input delay is missing on reset relative to clock(s) hdmi_i/clk_wiz_0/inst/clk_in1, sys_clk_i
Related violations: <none>

TIMING-18#4 Warning
Missing input or output delay  
An input delay is missing on usb_uart_rxd relative to clock(s) sys_clk_i
Related violations: <none>

TIMING-18#5 Warning
Missing input or output delay  
An output delay is missing on DDR3_reset_n relative to clock(s) sys_clk_i
Related violations: <none>

TIMING-18#6 Warning
Missing input or output delay  
An output delay is missing on bt_tx relative to clock(s) sys_clk_i
Related violations: <none>

TIMING-18#7 Warning
Missing input or output delay  
An output delay is missing on eth_mdio_mdc_mdc relative to clock(s) sys_clk_i
Related violations: <none>

TIMING-18#8 Warning
Missing input or output delay  
An output delay is missing on hdmi_hpd[0] relative to clock(s) sys_clk_i
Related violations: <none>

TIMING-18#9 Warning
Missing input or output delay  
An output delay is missing on phy_reset_out[0] relative to clock(s) sys_clk_i
Related violations: <none>

TIMING-18#10 Warning
Missing input or output delay  
An output delay is missing on usb_uart_txd relative to clock(s) sys_clk_i
Related violations: <none>

TIMING-27#1 Warning
Invalid primary clock on hierarchical pin  
A primary clock hdmi_i/clk_wiz_0/inst/clk_in1 is created on an inappropriate internal pin hdmi_i/clk_wiz_0/inst/clk_in1. It is not recommended to create a primary clock on a hierarchical pin when its driver pin has a fanout connected to multiple clock pins
Related violations: <none>

XDCB-5#1 Warning
Runtime inefficient way to find pin objects  
The option '-through : [get_pins -filter {NAME =~ */SyncAsync*/oSyncStages_reg[0]/D} -hier]' of constraint 'set_false_path' uses inefficient query to find pin objects (see constraint position '7' in the Timing Constraint window in Vivado IDE). To reduce runtime, it is recommended to get the pins through the cell objects. Please refer to Using Constraints Guide (Constraints Efficiency). An example of optimal query is: get_pins -filter {REF_PIN_NAME=~yy*} -of_objects [get_cells -hierarchical xx*].
Current XDC: g:/ECE532/initial_demo/initial_demo.srcs/sources_1/bd/hdmi/ip/hdmi_dvi2rgb_0_0/src/dvi2rgb.xdc (Line: 13)
Related violations: <none>

XDCB-5#2 Warning
Runtime inefficient way to find pin objects  
The option '-through : [get_pins -filter {NAME =~ *SyncAsync*/oSyncStages_reg[0]/D} -hier]' of constraint 'set_false_path' uses inefficient query to find pin objects (see constraint position '31' in the Timing Constraint window in Vivado IDE). To reduce runtime, it is recommended to get the pins through the cell objects. Please refer to Using Constraints Guide (Constraints Efficiency). An example of optimal query is: get_pins -filter {REF_PIN_NAME=~yy*} -of_objects [get_cells -hierarchical xx*].
Current XDC: g:/ECE532/initial_demo/initial_demo.srcs/sources_1/bd/hdmi/ip/hdmi_rgb2dvi_0_0/src/rgb2dvi.xdc (Line: 5)
Related violations: <none>

XDCB-5#3 Warning
Runtime inefficient way to find pin objects  
The option '-to : [get_pins -hier -filter {NAME =~ */async_rst*/CLR}]' of constraint 'set_false_path' uses inefficient query to find pin objects (see constraint position '52' in the Timing Constraint window in Vivado IDE). To reduce runtime, it is recommended to get the pins through the cell objects. Please refer to Using Constraints Guide (Constraints Efficiency). An example of optimal query is: get_pins -filter {REF_PIN_NAME=~yy*} -of_objects [get_cells -hierarchical xx*].
Current XDC: g:/ECE532/initial_demo/initial_demo.srcs/sources_1/bd/hdmi/ip/hdmi_axi_ethernet_0_0/bd_0/ip/ip_1/synth/bd_e87d_mac_0.xdc (Line: 92)
Related violations: <none>

XDCB-5#4 Warning
Runtime inefficient way to find pin objects  
The option '-to : [get_pins -hier -filter {NAME =~ */async_rst*/PRE}]' of constraint 'set_false_path' uses inefficient query to find pin objects (see constraint position '51' in the Timing Constraint window in Vivado IDE). To reduce runtime, it is recommended to get the pins through the cell objects. Please refer to Using Constraints Guide (Constraints Efficiency). An example of optimal query is: get_pins -filter {REF_PIN_NAME=~yy*} -of_objects [get_cells -hierarchical xx*].
Current XDC: g:/ECE532/initial_demo/initial_demo.srcs/sources_1/bd/hdmi/ip/hdmi_axi_ethernet_0_0/bd_0/ip/ip_1/synth/bd_e87d_mac_0.xdc (Line: 91)
Related violations: <none>

XDCB-5#5 Warning
Runtime inefficient way to find pin objects  
The option '-to : [get_pins -hier -filter {NAME =~ */async_rst*/PRE}]' of constraint 'set_false_path' uses inefficient query to find pin objects (see constraint position '95' in the Timing Constraint window in Vivado IDE). To reduce runtime, it is recommended to get the pins through the cell objects. Please refer to Using Constraints Guide (Constraints Efficiency). An example of optimal query is: get_pins -filter {REF_PIN_NAME=~yy*} -of_objects [get_cells -hierarchical xx*].
Current XDC: g:/ECE532/initial_demo/initial_demo.srcs/sources_1/bd/hdmi/ip/hdmi_axi_ethernet_0_0/bd_0/ip/ip_0/synth/bd_e87d_eth_buf_0.xdc (Line: 74)
Related violations: <none>

XDCB-5#6 Warning
Runtime inefficient way to find pin objects  
The option '-to : [get_pins -hier -filter {NAME =~ */reset_sync*/PRE}]' of constraint 'set_false_path' uses inefficient query to find pin objects (see constraint position '53' in the Timing Constraint window in Vivado IDE). To reduce runtime, it is recommended to get the pins through the cell objects. Please refer to Using Constraints Guide (Constraints Efficiency). An example of optimal query is: get_pins -filter {REF_PIN_NAME=~yy*} -of_objects [get_cells -hierarchical xx*].
Current XDC: g:/ECE532/initial_demo/initial_demo.srcs/sources_1/bd/hdmi/ip/hdmi_axi_ethernet_0_0/bd_0/ip/ip_1/synth/bd_e87d_mac_0.xdc (Line: 93)
Related violations: <none>

XDCB-5#7 Warning
Runtime inefficient way to find pin objects  
The option '-to : [get_pins -hier -include_replicated_objects -filter {NAME =~ *temp_mon_enabled.u_tempmon/device_temp_sync_r1_reg[*]/D}]' of constraint 'set_max_delay' uses inefficient query to find pin objects (see constraint position '26' in the Timing Constraint window in Vivado IDE). To reduce runtime, it is recommended to get the pins through the cell objects. Please refer to Using Constraints Guide (Constraints Efficiency). An example of optimal query is: get_pins -filter {REF_PIN_NAME=~yy*} -of_objects [get_cells -hierarchical xx*].
Current XDC: g:/ECE532/initial_demo/initial_demo.srcs/sources_1/bd/hdmi/ip/hdmi_mig_7series_0_0/hdmi_mig_7series_0_0/user_design/constraints/hdmi_mig_7series_0_0.xdc (Line: 359)
Related violations: <none>

XDCC-1#1 Warning
Scoped Clock constraint overwritten with the same name  
A new clock constraint create_clock overrides a previous scoped clock constraint with the same name. It is not recommended to override a scoped (typically an IP) clock constraint and could result in unexpected behaviors.
New: create_clock -period 10.000 -name sys_clk_i -waveform {0.000 5.000} -add [get_ports sys_clk_i] (Source: G:/ECE532/initial_demo/initial_demo.srcs/constrs_1/imports/constraints/NexysVideo_Master.xdc (Line: 9))
Previous: create_clock -period 10.000 [get_ports sys_clk_i] (Source: g:/ECE532/initial_demo/initial_demo.srcs/sources_1/bd/hdmi/ip/hdmi_mig_7series_0_0/hdmi_mig_7series_0_0/user_design/constraints/hdmi_mig_7series_0_0.xdc (Line: 29))
Related violations: <none>

XDCC-2#1 Warning
Scoped Non-Timing constraint/property overwritten  
A new XDC property IOSTANDARD on sys_clk_i overrides a previous scoped property. It is not recommended to override a scoped (typically an IP) property and could result in unexpected behaviours.
New Source: G:/ECE532/initial_demo/initial_demo.srcs/constrs_1/imports/constraints/NexysVideo_Master.xdc (Line: 8)
Previous Source: g:/ECE532/initial_demo/initial_demo.srcs/sources_1/bd/hdmi/ip/hdmi_mig_7series_0_0/hdmi_mig_7series_0_0/user_design/constraints/hdmi_mig_7series_0_0.xdc (Line: 274)
Related violations: <none>

REQP-1959#1 Advisory
connects_SERDES_RST_driver_not_FF  
hdmi_i/mig_7series_0/u_hdmi_mig_7series_0_0_mig/u_memc_ui_top_axi/mem_intfc0/ddr_phy_top0/u_ddr_mc_phy_wrapper/u_ddr_mc_phy/ddr_phy_4lanes_0.u_ddr_phy_4lanes/ddr_byte_lane_C.ddr_byte_lane_C/ddr_byte_group_io/input_[1].iserdes_dq_.iserdesdq: The RST pin should only be driven by a Flip-flop.
Related violations: <none>

REQP-1959#2 Advisory
connects_SERDES_RST_driver_not_FF  
hdmi_i/mig_7series_0/u_hdmi_mig_7series_0_0_mig/u_memc_ui_top_axi/mem_intfc0/ddr_phy_top0/u_ddr_mc_phy_wrapper/u_ddr_mc_phy/ddr_phy_4lanes_0.u_ddr_phy_4lanes/ddr_byte_lane_C.ddr_byte_lane_C/ddr_byte_group_io/input_[3].iserdes_dq_.iserdesdq: The RST pin should only be driven by a Flip-flop.
Related violations: <none>

REQP-1959#3 Advisory
connects_SERDES_RST_driver_not_FF  
hdmi_i/mig_7series_0/u_hdmi_mig_7series_0_0_mig/u_memc_ui_top_axi/mem_intfc0/ddr_phy_top0/u_ddr_mc_phy_wrapper/u_ddr_mc_phy/ddr_phy_4lanes_0.u_ddr_phy_4lanes/ddr_byte_lane_C.ddr_byte_lane_C/ddr_byte_group_io/input_[4].iserdes_dq_.iserdesdq: The RST pin should only be driven by a Flip-flop.
Related violations: <none>

REQP-1959#4 Advisory
connects_SERDES_RST_driver_not_FF  
hdmi_i/mig_7series_0/u_hdmi_mig_7series_0_0_mig/u_memc_ui_top_axi/mem_intfc0/ddr_phy_top0/u_ddr_mc_phy_wrapper/u_ddr_mc_phy/ddr_phy_4lanes_0.u_ddr_phy_4lanes/ddr_byte_lane_C.ddr_byte_lane_C/ddr_byte_group_io/input_[5].iserdes_dq_.iserdesdq: The RST pin should only be driven by a Flip-flop.
Related violations: <none>

REQP-1959#5 Advisory
connects_SERDES_RST_driver_not_FF  
hdmi_i/mig_7series_0/u_hdmi_mig_7series_0_0_mig/u_memc_ui_top_axi/mem_intfc0/ddr_phy_top0/u_ddr_mc_phy_wrapper/u_ddr_mc_phy/ddr_phy_4lanes_0.u_ddr_phy_4lanes/ddr_byte_lane_C.ddr_byte_lane_C/ddr_byte_group_io/input_[6].iserdes_dq_.iserdesdq: The RST pin should only be driven by a Flip-flop.
Related violations: <none>

REQP-1959#6 Advisory
connects_SERDES_RST_driver_not_FF  
hdmi_i/mig_7series_0/u_hdmi_mig_7series_0_0_mig/u_memc_ui_top_axi/mem_intfc0/ddr_phy_top0/u_ddr_mc_phy_wrapper/u_ddr_mc_phy/ddr_phy_4lanes_0.u_ddr_phy_4lanes/ddr_byte_lane_C.ddr_byte_lane_C/ddr_byte_group_io/input_[7].iserdes_dq_.iserdesdq: The RST pin should only be driven by a Flip-flop.
Related violations: <none>

REQP-1959#7 Advisory
connects_SERDES_RST_driver_not_FF  
hdmi_i/mig_7series_0/u_hdmi_mig_7series_0_0_mig/u_memc_ui_top_axi/mem_intfc0/ddr_phy_top0/u_ddr_mc_phy_wrapper/u_ddr_mc_phy/ddr_phy_4lanes_0.u_ddr_phy_4lanes/ddr_byte_lane_C.ddr_byte_lane_C/ddr_byte_group_io/input_[8].iserdes_dq_.iserdesdq: The RST pin should only be driven by a Flip-flop.
Related violations: <none>

REQP-1959#8 Advisory
connects_SERDES_RST_driver_not_FF  
hdmi_i/mig_7series_0/u_hdmi_mig_7series_0_0_mig/u_memc_ui_top_axi/mem_intfc0/ddr_phy_top0/u_ddr_mc_phy_wrapper/u_ddr_mc_phy/ddr_phy_4lanes_0.u_ddr_phy_4lanes/ddr_byte_lane_C.ddr_byte_lane_C/ddr_byte_group_io/input_[9].iserdes_dq_.iserdesdq: The RST pin should only be driven by a Flip-flop.
Related violations: <none>

REQP-1959#9 Advisory
connects_SERDES_RST_driver_not_FF  
hdmi_i/mig_7series_0/u_hdmi_mig_7series_0_0_mig/u_memc_ui_top_axi/mem_intfc0/ddr_phy_top0/u_ddr_mc_phy_wrapper/u_ddr_mc_phy/ddr_phy_4lanes_0.u_ddr_phy_4lanes/ddr_byte_lane_D.ddr_byte_lane_D/ddr_byte_group_io/input_[0].iserdes_dq_.iserdesdq: The RST pin should only be driven by a Flip-flop.
Related violations: <none>

REQP-1959#10 Advisory
connects_SERDES_RST_driver_not_FF  
hdmi_i/mig_7series_0/u_hdmi_mig_7series_0_0_mig/u_memc_ui_top_axi/mem_intfc0/ddr_phy_top0/u_ddr_mc_phy_wrapper/u_ddr_mc_phy/ddr_phy_4lanes_0.u_ddr_phy_4lanes/ddr_byte_lane_D.ddr_byte_lane_D/ddr_byte_group_io/input_[1].iserdes_dq_.iserdesdq: The RST pin should only be driven by a Flip-flop.
Related violations: <none>

REQP-1959#11 Advisory
connects_SERDES_RST_driver_not_FF  
hdmi_i/mig_7series_0/u_hdmi_mig_7series_0_0_mig/u_memc_ui_top_axi/mem_intfc0/ddr_phy_top0/u_ddr_mc_phy_wrapper/u_ddr_mc_phy/ddr_phy_4lanes_0.u_ddr_phy_4lanes/ddr_byte_lane_D.ddr_byte_lane_D/ddr_byte_group_io/input_[4].iserdes_dq_.iserdesdq: The RST pin should only be driven by a Flip-flop.
Related violations: <none>

REQP-1959#12 Advisory
connects_SERDES_RST_driver_not_FF  
hdmi_i/mig_7series_0/u_hdmi_mig_7series_0_0_mig/u_memc_ui_top_axi/mem_intfc0/ddr_phy_top0/u_ddr_mc_phy_wrapper/u_ddr_mc_phy/ddr_phy_4lanes_0.u_ddr_phy_4lanes/ddr_byte_lane_D.ddr_byte_lane_D/ddr_byte_group_io/input_[5].iserdes_dq_.iserdesdq: The RST pin should only be driven by a Flip-flop.
Related violations: <none>

REQP-1959#13 Advisory
connects_SERDES_RST_driver_not_FF  
hdmi_i/mig_7series_0/u_hdmi_mig_7series_0_0_mig/u_memc_ui_top_axi/mem_intfc0/ddr_phy_top0/u_ddr_mc_phy_wrapper/u_ddr_mc_phy/ddr_phy_4lanes_0.u_ddr_phy_4lanes/ddr_byte_lane_D.ddr_byte_lane_D/ddr_byte_group_io/input_[6].iserdes_dq_.iserdesdq: The RST pin should only be driven by a Flip-flop.
Related violations: <none>

REQP-1959#14 Advisory
connects_SERDES_RST_driver_not_FF  
hdmi_i/mig_7series_0/u_hdmi_mig_7series_0_0_mig/u_memc_ui_top_axi/mem_intfc0/ddr_phy_top0/u_ddr_mc_phy_wrapper/u_ddr_mc_phy/ddr_phy_4lanes_0.u_ddr_phy_4lanes/ddr_byte_lane_D.ddr_byte_lane_D/ddr_byte_group_io/input_[7].iserdes_dq_.iserdesdq: The RST pin should only be driven by a Flip-flop.
Related violations: <none>

REQP-1959#15 Advisory
connects_SERDES_RST_driver_not_FF  
hdmi_i/mig_7series_0/u_hdmi_mig_7series_0_0_mig/u_memc_ui_top_axi/mem_intfc0/ddr_phy_top0/u_ddr_mc_phy_wrapper/u_ddr_mc_phy/ddr_phy_4lanes_0.u_ddr_phy_4lanes/ddr_byte_lane_D.ddr_byte_lane_D/ddr_byte_group_io/input_[8].iserdes_dq_.iserdesdq: The RST pin should only be driven by a Flip-flop.
Related violations: <none>

REQP-1959#16 Advisory
connects_SERDES_RST_driver_not_FF  
hdmi_i/mig_7series_0/u_hdmi_mig_7series_0_0_mig/u_memc_ui_top_axi/mem_intfc0/ddr_phy_top0/u_ddr_mc_phy_wrapper/u_ddr_mc_phy/ddr_phy_4lanes_0.u_ddr_phy_4lanes/ddr_byte_lane_D.ddr_byte_lane_D/ddr_byte_group_io/input_[9].iserdes_dq_.iserdesdq: The RST pin should only be driven by a Flip-flop.
Related violations: <none>


