#-----------------------------------------------------------
# Vivado v2018.2 (64-bit)
# SW Build 2258646 on Thu Jun 14 20:03:12 MDT 2018
# IP Build 2256618 on Thu Jun 14 22:10:49 MDT 2018
# Start of session at: Thu Mar 28 05:45:28 2019
# Process ID: 20408
# Current directory: G:/ECE532/initial_demo
# Command line: vivado.exe -gui_launcher_event rodinguilauncherevent15204 G:\ECE532\initial_demo\initial_demo.xpr
# Log file: G:/ECE532/initial_demo/vivado.log
# Journal file: G:/ECE532/initial_demo\vivado.jou
#-----------------------------------------------------------
start_gui
open_project G:/ECE532/initial_demo/initial_demo.xpr
Scanning sources...
Finished scanning sources
INFO: [IP_Flow 19-234] Refreshing IP repositories
INFO: [IP_Flow 19-1700] Loaded user IP repository 'g:/ECE532/temp_milestone.xpr/project_1/project_1.ipdefs/repo_0_0'.
INFO: [IP_Flow 19-1700] Loaded user IP repository 'g:/ECE532/temp_milestone.xpr/project_1/project_1.ipdefs/input_from_mb_extended_0_0_0'.
INFO: [IP_Flow 19-1700] Loaded user IP repository 'g:/ECE532/temp_milestone.xpr/project_1/project_1.ipdefs/impl_0_0'.
INFO: [IP_Flow 19-2313] Loaded Vivado IP repository 'E:/Vivado_2018.2/Vivado/2018.2/data/ip'.
open_project: Time (s): cpu = 00:00:35 ; elapsed = 00:01:45 . Memory (MB): peak = 1051.484 ; gain = 327.398
update_compile_order -fileset sources_1
INFO: [Vivado 12-4158] Exported Hardware file is out of date. Exported hardware information may be inconsistent with respect to the current state of the design. It is recommended that you re-export the design and launch SDK otherwise SDK is launched with out of date hardware system file.
launch_sdk -workspace G:/ECE532/initial_demo/initial_demo.sdk -hwspec G:/ECE532/initial_demo/initial_demo.sdk/hdmi_wrapper.hdf
INFO: [Vivado 12-393] Launching SDK...
INFO: [Vivado 12-417] Running xsdk -workspace G:/ECE532/initial_demo/initial_demo.sdk -hwspec G:/ECE532/initial_demo/initial_demo.sdk/hdmi_wrapper.hdf
INFO: [Vivado 12-3157] SDK launch initiated. Please check console for any further messages.
archive_project G:/ECE532/final_demo.xpr.zip -temp_dir G:/ECE532/initial_demo/.Xil/Vivado-20408-LAPTOP-J26FKCBU -force -include_local_ip_cache
INFO: [Coretcl 2-137] starting archive...
INFO: [Coretcl 2-1499] Saving project copy to temporary location 'G:/ECE532/initial_demo/.Xil/Vivado-20408-LAPTOP-J26FKCBU' for archiving project
Scanning sources...
Finished scanning sources
INFO: [IP_Flow 19-234] Refreshing IP repositories
INFO: [IP_Flow 19-1700] Loaded user IP repository 'g:/ECE532/temp_milestone.xpr/project_1/project_1.ipdefs/repo_0_0'.
INFO: [IP_Flow 19-1700] Loaded user IP repository 'g:/ECE532/temp_milestone.xpr/project_1/project_1.ipdefs/input_from_mb_extended_0_0_0'.
INFO: [IP_Flow 19-1700] Loaded user IP repository 'g:/ECE532/temp_milestone.xpr/project_1/project_1.ipdefs/impl_0_0'.
INFO: [IP_Flow 19-2313] Loaded Vivado IP repository 'E:/Vivado_2018.2/Vivado/2018.2/data/ip'.
INFO: [Coretcl 2-1211] Creating project copy for archival...
INFO: [Coretcl 2-1213] Including run results for 'synth_1'
INFO: [Coretcl 2-1213] Including run results for 'hdmi_auto_cc_4_synth_1'
INFO: [Coretcl 2-1213] Including run results for 'hdmi_auto_ds_0_synth_1'
INFO: [Coretcl 2-1213] Including run results for 'hdmi_m00_regslice_0_synth_1'
INFO: [Coretcl 2-1213] Including run results for 'hdmi_auto_us_4_synth_1'
INFO: [Coretcl 2-1213] Including run results for 'hdmi_auto_cc_1_synth_1'
INFO: [Coretcl 2-1213] Including run results for 'hdmi_auto_us_3_synth_1'
INFO: [Coretcl 2-1213] Including run results for 'hdmi_auto_rs_w_0_synth_1'
INFO: [Coretcl 2-1213] Including run results for 'hdmi_axi_uartlite_1_0_synth_1'
INFO: [Coretcl 2-1213] Including run results for 'hdmi_auto_us_6_synth_1'
INFO: [Coretcl 2-1213] Including run results for 'hdmi_auto_us_5_synth_1'
INFO: [Coretcl 2-1213] Including run results for 'hdmi_auto_cc_3_synth_1'
INFO: [Coretcl 2-1213] Including run results for 'hdmi_auto_cc_2_synth_1'
INFO: [Coretcl 2-1213] Including run results for 'hdmi_auto_rs_w_1_synth_1'
INFO: [Coretcl 2-1213] Including run results for 'hdmi_auto_us_2_synth_1'
INFO: [Coretcl 2-1213] Including run results for 'hdmi_auto_cc_0_synth_1'
INFO: [Coretcl 2-1213] Including run results for 'hdmi_s01_regslice_0_synth_1'
INFO: [Coretcl 2-1213] Including run results for 'hdmi_s02_regslice_0_synth_1'
INFO: [Coretcl 2-1213] Including run results for 'hdmi_auto_us_1_synth_1'
INFO: [Coretcl 2-1213] Including run results for 'hdmi_auto_rs_w_2_synth_1'
INFO: [Coretcl 2-1213] Including run results for 'hdmi_s00_regslice_0_synth_1'
INFO: [Coretcl 2-1213] Including run results for 'hdmi_s03_regslice_0_synth_1'
INFO: [Coretcl 2-1213] Including run results for 'hdmi_auto_us_0_synth_1'
INFO: [Coretcl 2-1213] Including run results for 'hdmi_xbar_1_synth_1'
INFO: [Coretcl 2-1213] Including run results for 'hdmi_microblaze_0_xlconcat_0_synth_1'
INFO: [Coretcl 2-1213] Including run results for 'hdmi_mig_7series_0_0_synth_1'
INFO: [Coretcl 2-1213] Including run results for 'hdmi_xbar_0_synth_1'
INFO: [Coretcl 2-1213] Including run results for 'hdmi_microblaze_0_axi_intc_0_synth_1'
INFO: [Coretcl 2-1213] Including run results for 'impl_1'
INFO: [Coretcl 2-133] re-setting run 'hdmi_auto_cc_4_impl_1'...
INFO: [Coretcl 2-133] re-setting run 'hdmi_auto_ds_0_impl_1'...
INFO: [Coretcl 2-133] re-setting run 'hdmi_m00_regslice_0_impl_1'...
INFO: [Coretcl 2-133] re-setting run 'hdmi_auto_us_4_impl_1'...
INFO: [Coretcl 2-133] re-setting run 'hdmi_auto_cc_1_impl_1'...
INFO: [Coretcl 2-133] re-setting run 'hdmi_auto_us_3_impl_1'...
INFO: [Coretcl 2-133] re-setting run 'hdmi_auto_rs_w_0_impl_1'...
INFO: [Coretcl 2-133] re-setting run 'hdmi_axi_uartlite_1_0_impl_1'...
INFO: [Coretcl 2-133] re-setting run 'hdmi_auto_us_6_impl_1'...
INFO: [Coretcl 2-133] re-setting run 'hdmi_auto_us_5_impl_1'...
INFO: [Coretcl 2-133] re-setting run 'hdmi_auto_cc_3_impl_1'...
INFO: [Coretcl 2-133] re-setting run 'hdmi_auto_cc_2_impl_1'...
INFO: [Coretcl 2-133] re-setting run 'hdmi_auto_rs_w_1_impl_1'...
INFO: [Coretcl 2-133] re-setting run 'hdmi_auto_us_2_impl_1'...
INFO: [Coretcl 2-133] re-setting run 'hdmi_auto_cc_0_impl_1'...
INFO: [Coretcl 2-133] re-setting run 'hdmi_s01_regslice_0_impl_1'...
INFO: [Coretcl 2-133] re-setting run 'hdmi_s02_regslice_0_impl_1'...
INFO: [Coretcl 2-133] re-setting run 'hdmi_auto_us_1_impl_1'...
INFO: [Coretcl 2-133] re-setting run 'hdmi_auto_rs_w_2_impl_1'...
INFO: [Coretcl 2-133] re-setting run 'hdmi_s00_regslice_0_impl_1'...
INFO: [Coretcl 2-133] re-setting run 'hdmi_s03_regslice_0_impl_1'...
INFO: [Coretcl 2-133] re-setting run 'hdmi_auto_us_0_impl_1'...
INFO: [Coretcl 2-133] re-setting run 'hdmi_xbar_1_impl_1'...
INFO: [Coretcl 2-133] re-setting run 'hdmi_microblaze_0_xlconcat_0_impl_1'...
INFO: [Coretcl 2-133] re-setting run 'hdmi_mig_7series_0_0_impl_1'...
INFO: [Coretcl 2-133] re-setting run 'hdmi_xbar_0_impl_1'...
INFO: [Coretcl 2-133] re-setting run 'hdmi_microblaze_0_axi_intc_0_impl_1'...
INFO: [Coretcl 2-1212] Importing remotely added design sources and verilog include files (if any)...
INFO: [filemgmt 20-334] All file(s) are already imported in fileset: 'constrs_1'
INFO: [filemgmt 20-348] Importing the appropriate files for fileset: 'constrs_1'
INFO: [filemgmt 20-348] Importing the appropriate files for fileset: 'sources_1'
