#-----------------------------------------------------------
# Webtalk v2018.2 (64-bit)
# SW Build 2258646 on Thu Jun 14 20:03:12 MDT 2018
# 
# Start of session at: Tue Mar 12 08:30:12 2019
# Process ID: 1444
# Current directory: D:/ClassProject/ece532_project/eth/working_eth_with_video.xpr/project_1/project_1.sdk/webtalk
# Command line: wbtcv.exe -mode batch -source sdk_webtalk.tcl
# Log file: D:/ClassProject/ece532_project/eth/working_eth_with_video.xpr/project_1/project_1.sdk/webtalk/webtalk.log
# Journal file: D:/ClassProject/ece532_project/eth/working_eth_with_video.xpr/project_1/project_1.sdk/webtalk\webtalk.jou
#-----------------------------------------------------------
source sdk_webtalk.tcl
# webtalk_init -webtalk_dir D:\\ClassProject\\ece532_project\\eth\\working_eth_with_video.xpr\\project_1\\project_1.sdk\\webtalk
# webtalk_register_client -client project
# webtalk_add_data -client project -key date_generated -value "2019-03-12 08:30:10" -context "software_version_and_target_device"
# webtalk_add_data -client project -key product_version -value "SDK v2018.2" -context "software_version_and_target_device"
# webtalk_add_data -client project -key build_version -value "2018.2" -context "software_version_and_target_device"
# webtalk_add_data -client project -key os_platform -value "amd64" -context "software_version_and_target_device"
# webtalk_add_data -client project -key registration_id -value "" -context "software_version_and_target_device"
# webtalk_add_data -client project -key tool_flow -value "SDK" -context "software_version_and_target_device"
# webtalk_add_data -client project -key beta -value "false" -context "software_version_and_target_device"
# webtalk_add_data -client project -key route_design -value "NA" -context "software_version_and_target_device"
# webtalk_add_data -client project -key target_family -value "NA" -context "software_version_and_target_device"
# webtalk_add_data -client project -key target_device -value "NA" -context "software_version_and_target_device"
# webtalk_add_data -client project -key target_package -value "NA" -context "software_version_and_target_device"
# webtalk_add_data -client project -key target_speed -value "NA" -context "software_version_and_target_device"
# webtalk_add_data -client project -key random_id -value "51o07lr80gdd9dafofohd0f27j" -context "software_version_and_target_device"
# webtalk_add_data -client project -key project_id -value "2018.2_15" -context "software_version_and_target_device"
# webtalk_add_data -client project -key project_iteration -value "15" -context "software_version_and_target_device"
# webtalk_add_data -client project -key os_name -value "Microsoft Windows 8 or later , 64-bit" -context "user_environment"
# webtalk_add_data -client project -key os_release -value "major release  (build 9200)" -context "user_environment"
# webtalk_add_data -client project -key cpu_name -value "Intel(R) Core(TM) i5-9600K CPU @ 3.70GHz" -context "user_environment"
# webtalk_add_data -client project -key cpu_speed -value "3696 MHz" -context "user_environment"
# webtalk_add_data -client project -key total_processors -value "1" -context "user_environment"
# webtalk_add_data -client project -key system_ram -value "17.041 GB" -context "user_environment"
# webtalk_register_client -client sdk
# webtalk_add_data -client sdk -key uid -value "1552346628568" -context "sdk\\\\application/1552346628568"
# webtalk_add_data -client sdk -key hwid -value "1552275344647" -context "sdk\\\\application/1552346628568"
# webtalk_add_data -client sdk -key bspid -value "1552343877086" -context "sdk\\\\application/1552346628568"
# webtalk_add_data -client sdk -key newbsp -value "false" -context "sdk\\\\application/1552346628568"
# webtalk_add_data -client sdk -key os -value "standalone" -context "sdk\\\\application/1552346628568"
# webtalk_add_data -client sdk -key apptemplate -value "empty_application" -context "sdk\\\\application/1552346628568"
# webtalk_add_data -client sdk -key RecordType -value "APPCreation" -context "sdk\\\\application/1552346628568"
# webtalk_add_data -client sdk -key LangUsed -value "C" -context "sdk\\\\application/1552346628568"
# webtalk_add_data -client sdk -key Procused -value "microblaze" -context "sdk\\\\application/1552346628568"
# webtalk_add_data -client sdk -key projSize -value "283.21484375" -context "sdk\\\\application/1552346628568"
# webtalk_add_data -client sdk -key uid -value "NA" -context "sdk\\\\bsp/1552347010401"
# webtalk_add_data -client sdk -key RecordType -value "ToolUsage" -context "sdk\\\\bsp/1552347010401"
# webtalk_add_data -client sdk -key BootgenCount -value "0" -context "sdk\\\\bsp/1552347010401"
# webtalk_add_data -client sdk -key DebugCount -value "0" -context "sdk\\\\bsp/1552347010401"
# webtalk_add_data -client sdk -key PerfCount -value "0" -context "sdk\\\\bsp/1552347010401"
# webtalk_add_data -client sdk -key FlashCount -value "0" -context "sdk\\\\bsp/1552347010401"
# webtalk_add_data -client sdk -key CrossTriggCount -value "0" -context "sdk\\\\bsp/1552347010401"
# webtalk_add_data -client sdk -key QemuDebugCount -value "0" -context "sdk\\\\bsp/1552347010401"
# webtalk_transmit -clientid 2947756007 -regid "" -xml D:\\ClassProject\\ece532_project\\eth\\working_eth_with_video.xpr\\project_1\\project_1.sdk\\webtalk\\usage_statistics_ext_sdk.xml -html D:\\ClassProject\\ece532_project\\eth\\working_eth_with_video.xpr\\project_1\\project_1.sdk\\webtalk\\usage_statistics_ext_sdk.html -wdm D:\\ClassProject\\ece532_project\\eth\\working_eth_with_video.xpr\\project_1\\project_1.sdk\\webtalk\\sdk_webtalk.wdm -intro "<H3>SDK Usage Report</H3><BR>"
# webtalk_terminate
INFO: [Common 17-206] Exiting Webtalk at Tue Mar 12 08:30:12 2019...
